[ 2017-01-09T14:12:55+08:00 ]EXCEPTION: show columns from yyk_webinfo ;BindParams:array (
)42S02;1146;Table 'west.yyk_webinfo' doesn't exist
[ 2017-01-09T14:18:39+08:00 ]E_NOTICE: Undefined index: file(8)D:\westweb\vendor\houdunwang\view\src\build\Tag.php (50).
[ 2017-01-09T14:18:39+08:00 ]E_NOTICE: Undefined index: file(8)D:\westweb\vendor\houdunwang\view\src\build\Tag.php (50).
[ 2017-01-09T14:18:39+08:00 ]E_NOTICE: Undefined index: file(8)D:\westweb\vendor\houdunwang\view\src\build\Tag.php (43).
[ 2017-01-09T14:18:39+08:00 ]E_USER_ERROR: 模板不存在:app/admin/view/index/public/bottom.php(256)D:\westweb\vendor\houdunwang\view\src\build\Base.php (130).
[ 2017-01-09T14:20:33+08:00 ]E_NOTICE: Undefined index: file(8)D:\westweb\vendor\houdunwang\view\src\build\Tag.php (50).
[ 2017-01-09T14:20:33+08:00 ]E_NOTICE: Undefined index: file(8)D:\westweb\vendor\houdunwang\view\src\build\Tag.php (50).
[ 2017-01-09T14:20:33+08:00 ]E_NOTICE: Undefined index: file(8)D:\westweb\vendor\houdunwang\view\src\build\Tag.php (43).
[ 2017-01-09T14:20:33+08:00 ]E_NOTICE: Use of undefined constant bottominfo - assumed 'bottominfo'(8)D:\westweb\storage\view\compile\app_admin_view_index_bottom_php_6a44d.php (3).
[ 2017-01-09T14:20:33+08:00 ]E_NOTICE: Undefined index: bottominfo(8)D:\westweb\storage\view\compile\app_admin_view_index_bottom_php_6a44d.php (3).
[ 2017-01-09T14:20:33+08:00 ]E_USER_ERROR: 模板不存在:app/admin/view/index/layer.php(256)D:\westweb\vendor\houdunwang\view\src\build\Base.php (130).
[ 2017-01-09T14:21:17+08:00 ]E_NOTICE: Undefined index: file(8)D:\westweb\vendor\houdunwang\view\src\build\Tag.php (50).
[ 2017-01-09T14:21:17+08:00 ]E_NOTICE: Undefined index: file(8)D:\westweb\vendor\houdunwang\view\src\build\Tag.php (50).
[ 2017-01-09T14:21:17+08:00 ]E_NOTICE: Undefined index: file(8)D:\westweb\vendor\houdunwang\view\src\build\Tag.php (43).
[ 2017-01-09T14:21:17+08:00 ]E_NOTICE: Use of undefined constant bottominfo - assumed 'bottominfo'(8)D:\westweb\storage\view\compile\app_admin_view_index_bottom_php_6a44d.php (3).
[ 2017-01-09T14:21:17+08:00 ]E_NOTICE: Undefined index: bottominfo(8)D:\westweb\storage\view\compile\app_admin_view_index_bottom_php_6a44d.php (3).
[ 2017-01-09T14:35:25+08:00 ]E_NOTICE: Undefined index: file(8)D:\westweb\vendor\houdunwang\view\src\build\Tag.php (50).
[ 2017-01-09T14:35:25+08:00 ]E_NOTICE: Undefined index: file(8)D:\westweb\vendor\houdunwang\view\src\build\Tag.php (50).
[ 2017-01-09T14:35:25+08:00 ]E_NOTICE: Undefined index: file(8)D:\westweb\vendor\houdunwang\view\src\build\Tag.php (43).
[ 2017-01-09T14:35:25+08:00 ]E_NOTICE: Use of undefined constant bottominfo - assumed 'bottominfo'(8)D:\westweb\storage\view\compile\app_admin_view_index_bottom_php_6a44d.php (3).
[ 2017-01-09T14:35:25+08:00 ]E_NOTICE: Undefined index: bottominfo(8)D:\westweb\storage\view\compile\app_admin_view_index_bottom_php_6a44d.php (3).
[ 2017-01-09T14:35:27+08:00 ]E_NOTICE: Undefined index: file(8)D:\westweb\vendor\houdunwang\view\src\build\Tag.php (50).
[ 2017-01-09T14:35:27+08:00 ]E_NOTICE: Undefined index: file(8)D:\westweb\vendor\houdunwang\view\src\build\Tag.php (50).
[ 2017-01-09T14:35:27+08:00 ]E_NOTICE: Undefined index: file(8)D:\westweb\vendor\houdunwang\view\src\build\Tag.php (43).
[ 2017-01-09T14:35:27+08:00 ]E_NOTICE: Use of undefined constant bottominfo - assumed 'bottominfo'(8)D:\westweb\storage\view\compile\app_admin_view_index_bottom_php_6a44d.php (3).
[ 2017-01-09T14:35:27+08:00 ]E_NOTICE: Undefined index: bottominfo(8)D:\westweb\storage\view\compile\app_admin_view_index_bottom_php_6a44d.php (3).
[ 2017-01-09T14:35:32+08:00 ]E_NOTICE: Undefined index: file(8)D:\westweb\vendor\houdunwang\view\src\build\Tag.php (50).
[ 2017-01-09T14:35:32+08:00 ]E_NOTICE: Undefined index: file(8)D:\westweb\vendor\houdunwang\view\src\build\Tag.php (50).
[ 2017-01-09T14:35:32+08:00 ]E_NOTICE: Undefined index: file(8)D:\westweb\vendor\houdunwang\view\src\build\Tag.php (43).
[ 2017-01-09T14:35:32+08:00 ]E_NOTICE: Use of undefined constant bottominfo - assumed 'bottominfo'(8)D:\westweb\storage\view\compile\app_admin_view_index_bottom_php_6a44d.php (3).
[ 2017-01-09T14:35:32+08:00 ]E_NOTICE: Undefined index: bottominfo(8)D:\westweb\storage\view\compile\app_admin_view_index_bottom_php_6a44d.php (3).
[ 2017-01-09T14:41:37+08:00 ]E_NOTICE: Undefined index: file(8)D:\westweb\vendor\houdunwang\view\src\build\Tag.php (50).
[ 2017-01-09T14:41:37+08:00 ]E_NOTICE: Undefined index: file(8)D:\westweb\vendor\houdunwang\view\src\build\Tag.php (50).
[ 2017-01-09T14:41:37+08:00 ]E_NOTICE: Undefined index: file(8)D:\westweb\vendor\houdunwang\view\src\build\Tag.php (43).
[ 2017-01-09T14:41:37+08:00 ]E_NOTICE: Use of undefined constant bottominfo - assumed 'bottominfo'(8)D:\westweb\storage\view\compile\app_admin_view_index_bottom_php_6a44d.php (3).
[ 2017-01-09T14:41:37+08:00 ]E_NOTICE: Undefined index: bottominfo(8)D:\westweb\storage\view\compile\app_admin_view_index_bottom_php_6a44d.php (3).
[ 2017-01-09T14:41:58+08:00 ]E_NOTICE: Use of undefined constant bottominfo - assumed 'bottominfo'(8)D:\westweb\storage\view\compile\app_admin_view_index_bottom_php_6a44d.php (3).
[ 2017-01-09T14:41:58+08:00 ]E_NOTICE: Undefined index: bottominfo(8)D:\westweb\storage\view\compile\app_admin_view_index_bottom_php_6a44d.php (3).
[ 2017-01-09T14:43:27+08:00 ]E_NOTICE: Use of undefined constant bottominfo - assumed 'bottominfo'(8)D:\westweb\storage\view\compile\app_admin_view_index_bottom_php_6a44d.php (3).
[ 2017-01-09T14:43:27+08:00 ]E_NOTICE: Undefined index: bottominfo(8)D:\westweb\storage\view\compile\app_admin_view_index_bottom_php_6a44d.php (3).
[ 2017-01-09T14:43:27+08:00 ]E_NOTICE: Use of undefined constant weblogo - assumed 'weblogo'(8)D:\westweb\storage\view\compile\app_admin_view_index_index_php_d5c08.php (40).
[ 2017-01-09T14:43:27+08:00 ]E_NOTICE: Undefined index: weblogo(8)D:\westweb\storage\view\compile\app_admin_view_index_index_php_d5c08.php (40).
[ 2017-01-09T14:43:30+08:00 ]E_NOTICE: Use of undefined constant bottominfo - assumed 'bottominfo'(8)D:\westweb\storage\view\compile\app_admin_view_index_bottom_php_6a44d.php (3).
[ 2017-01-09T14:43:30+08:00 ]E_NOTICE: Undefined index: bottominfo(8)D:\westweb\storage\view\compile\app_admin_view_index_bottom_php_6a44d.php (3).
[ 2017-01-09T14:43:30+08:00 ]E_NOTICE: Use of undefined constant weblogo - assumed 'weblogo'(8)D:\westweb\storage\view\compile\app_admin_view_index_index_php_d5c08.php (40).
[ 2017-01-09T14:43:30+08:00 ]E_NOTICE: Undefined index: weblogo(8)D:\westweb\storage\view\compile\app_admin_view_index_index_php_d5c08.php (40).
[ 2017-01-09T14:44:18+08:00 ]E_NOTICE: Use of undefined constant bottominfo - assumed 'bottominfo'(8)D:\westweb\storage\view\compile\app_admin_view_index_bottom_php_6a44d.php (3).
[ 2017-01-09T14:44:18+08:00 ]E_NOTICE: Undefined index: bottominfo(8)D:\westweb\storage\view\compile\app_admin_view_index_bottom_php_6a44d.php (3).
[ 2017-01-09T14:44:32+08:00 ]E_NOTICE: Use of undefined constant bottominfo - assumed 'bottominfo'(8)D:\westweb\storage\view\compile\app_admin_view_index_bottom_php_6a44d.php (3).
[ 2017-01-09T14:44:32+08:00 ]E_NOTICE: Undefined index: bottominfo(8)D:\westweb\storage\view\compile\app_admin_view_index_bottom_php_6a44d.php (3).
[ 2017-01-09T14:44:49+08:00 ]E_NOTICE: Use of undefined constant bottominfo - assumed 'bottominfo'(8)D:\westweb\storage\view\compile\app_admin_view_index_bottom_php_6a44d.php (3).
[ 2017-01-09T14:44:49+08:00 ]E_NOTICE: Undefined index: bottominfo(8)D:\westweb\storage\view\compile\app_admin_view_index_bottom_php_6a44d.php (3).
[ 2017-01-09T14:45:08+08:00 ]E_NOTICE: Use of undefined constant bottominfo - assumed 'bottominfo'(8)D:\westweb\storage\view\compile\app_admin_view_index_bottom_php_6a44d.php (3).
[ 2017-01-09T14:45:08+08:00 ]E_NOTICE: Undefined index: bottominfo(8)D:\westweb\storage\view\compile\app_admin_view_index_bottom_php_6a44d.php (3).
[ 2017-01-09T14:46:01+08:00 ]E_NOTICE: Use of undefined constant bottominfo - assumed 'bottominfo'(8)D:\westweb\storage\view\compile\app_admin_view_index_bottom_php_6a44d.php (3).
[ 2017-01-09T14:46:01+08:00 ]E_NOTICE: Undefined index: bottominfo(8)D:\westweb\storage\view\compile\app_admin_view_index_bottom_php_6a44d.php (3).
[ 2017-01-09T14:47:56+08:00 ]E_NOTICE: Use of undefined constant bottominfo - assumed 'bottominfo'(8)D:\westweb\storage\view\compile\app_admin_view_index_bottom_php_6a44d.php (3).
[ 2017-01-09T14:47:56+08:00 ]E_NOTICE: Undefined index: bottominfo(8)D:\westweb\storage\view\compile\app_admin_view_index_bottom_php_6a44d.php (3).
[ 2017-01-09T14:51:34+08:00 ]E_NOTICE: Use of undefined constant bottominfo - assumed 'bottominfo'(8)D:\westweb\storage\view\compile\app_admin_view_index_bottom_php_6a44d.php (3).
[ 2017-01-09T14:51:34+08:00 ]E_NOTICE: Undefined index: bottominfo(8)D:\westweb\storage\view\compile\app_admin_view_index_bottom_php_6a44d.php (3).
[ 2017-01-09T14:51:55+08:00 ]E_NOTICE: Use of undefined constant bottominfo - assumed 'bottominfo'(8)D:\westweb\storage\view\compile\app_admin_view_index_bottom_php_6a44d.php (3).
[ 2017-01-09T14:51:55+08:00 ]E_NOTICE: Undefined index: bottominfo(8)D:\westweb\storage\view\compile\app_admin_view_index_bottom_php_6a44d.php (3).
[ 2017-01-09T14:51:55+08:00 ]E_PARSE: syntax error, unexpected ':'(E_PARSE)D:\westweb\storage\view\compile\app_admin_view_index_index_php_d5c08.php (50).
[ 2017-01-09T14:52:00+08:00 ]E_NOTICE: Use of undefined constant bottominfo - assumed 'bottominfo'(8)D:\westweb\storage\view\compile\app_admin_view_index_bottom_php_6a44d.php (3).
[ 2017-01-09T14:52:00+08:00 ]E_NOTICE: Undefined index: bottominfo(8)D:\westweb\storage\view\compile\app_admin_view_index_bottom_php_6a44d.php (3).
[ 2017-01-09T14:52:00+08:00 ]E_PARSE: syntax error, unexpected ':'(E_PARSE)D:\westweb\storage\view\compile\app_admin_view_index_index_php_d5c08.php (50).
[ 2017-01-09T14:52:12+08:00 ]E_NOTICE: Use of undefined constant bottominfo - assumed 'bottominfo'(8)D:\westweb\storage\view\compile\app_admin_view_index_bottom_php_6a44d.php (3).
[ 2017-01-09T14:52:12+08:00 ]E_NOTICE: Undefined index: bottominfo(8)D:\westweb\storage\view\compile\app_admin_view_index_bottom_php_6a44d.php (3).
[ 2017-01-09T14:52:31+08:00 ]E_NOTICE: Use of undefined constant bottominfo - assumed 'bottominfo'(8)D:\westweb\storage\view\compile\app_admin_view_index_bottom_php_6a44d.php (3).
[ 2017-01-09T14:52:31+08:00 ]E_NOTICE: Undefined index: bottominfo(8)D:\westweb\storage\view\compile\app_admin_view_index_bottom_php_6a44d.php (3).
[ 2017-01-09T14:52:49+08:00 ]E_NOTICE: Use of undefined constant bottominfo - assumed 'bottominfo'(8)D:\westweb\storage\view\compile\app_admin_view_index_bottom_php_6a44d.php (3).
[ 2017-01-09T14:52:49+08:00 ]E_NOTICE: Undefined index: bottominfo(8)D:\westweb\storage\view\compile\app_admin_view_index_bottom_php_6a44d.php (3).
[ 2017-01-09T14:52:51+08:00 ]E_NOTICE: Use of undefined constant bottominfo - assumed 'bottominfo'(8)D:\westweb\storage\view\compile\app_admin_view_index_bottom_php_6a44d.php (3).
[ 2017-01-09T14:52:51+08:00 ]E_NOTICE: Undefined index: bottominfo(8)D:\westweb\storage\view\compile\app_admin_view_index_bottom_php_6a44d.php (3).
[ 2017-01-09T14:52:54+08:00 ]E_NOTICE: Use of undefined constant bottominfo - assumed 'bottominfo'(8)D:\westweb\storage\view\compile\app_admin_view_index_bottom_php_6a44d.php (3).
[ 2017-01-09T14:52:54+08:00 ]E_NOTICE: Undefined index: bottominfo(8)D:\westweb\storage\view\compile\app_admin_view_index_bottom_php_6a44d.php (3).
[ 2017-01-09T14:53:14+08:00 ]E_NOTICE: Use of undefined constant bottominfo - assumed 'bottominfo'(8)D:\westweb\storage\view\compile\app_admin_view_index_bottom_php_6a44d.php (3).
[ 2017-01-09T14:53:14+08:00 ]E_NOTICE: Undefined index: bottominfo(8)D:\westweb\storage\view\compile\app_admin_view_index_bottom_php_6a44d.php (3).
[ 2017-01-09T14:53:15+08:00 ]E_NOTICE: Use of undefined constant bottominfo - assumed 'bottominfo'(8)D:\westweb\storage\view\compile\app_admin_view_index_bottom_php_6a44d.php (3).
[ 2017-01-09T14:53:15+08:00 ]E_NOTICE: Undefined index: bottominfo(8)D:\westweb\storage\view\compile\app_admin_view_index_bottom_php_6a44d.php (3).
[ 2017-01-09T14:53:23+08:00 ]E_NOTICE: Use of undefined constant bottominfo - assumed 'bottominfo'(8)D:\westweb\storage\view\compile\app_admin_view_index_bottom_php_6a44d.php (3).
[ 2017-01-09T14:53:23+08:00 ]E_NOTICE: Undefined index: bottominfo(8)D:\westweb\storage\view\compile\app_admin_view_index_bottom_php_6a44d.php (3).
[ 2017-01-09T14:53:31+08:00 ]EXCEPTION: CSRF 令牌验证失败
[ 2017-01-09T14:56:55+08:00 ]E_NOTICE: Use of undefined constant bottominfo - assumed 'bottominfo'(8)D:\westweb\storage\view\compile\app_admin_view_index_bottom_php_6a44d.php (3).
[ 2017-01-09T14:56:55+08:00 ]E_NOTICE: Undefined index: bottominfo(8)D:\westweb\storage\view\compile\app_admin_view_index_bottom_php_6a44d.php (3).
[ 2017-01-09T14:57:06+08:00 ]E_NOTICE: Use of undefined constant bottominfo - assumed 'bottominfo'(8)D:\westweb\storage\view\compile\app_admin_view_index_bottom_php_6a44d.php (3).
[ 2017-01-09T14:57:06+08:00 ]E_NOTICE: Undefined index: bottominfo(8)D:\westweb\storage\view\compile\app_admin_view_index_bottom_php_6a44d.php (3).
[ 2017-01-09T14:58:14+08:00 ]E_NOTICE: Use of undefined constant bottominfo - assumed 'bottominfo'(8)D:\westweb\storage\view\compile\app_admin_view_index_bottom_php_6a44d.php (3).
[ 2017-01-09T14:58:14+08:00 ]E_NOTICE: Undefined index: bottominfo(8)D:\westweb\storage\view\compile\app_admin_view_index_bottom_php_6a44d.php (3).
[ 2017-01-09T14:58:16+08:00 ]E_NOTICE: Use of undefined constant bottominfo - assumed 'bottominfo'(8)D:\westweb\storage\view\compile\app_admin_view_index_bottom_php_6a44d.php (3).
[ 2017-01-09T14:58:16+08:00 ]E_NOTICE: Undefined index: bottominfo(8)D:\westweb\storage\view\compile\app_admin_view_index_bottom_php_6a44d.php (3).
[ 2017-01-09T14:58:33+08:00 ]E_NOTICE: Use of undefined constant bottominfo - assumed 'bottominfo'(8)D:\westweb\storage\view\compile\app_admin_view_index_bottom_php_6a44d.php (3).
[ 2017-01-09T14:58:33+08:00 ]E_NOTICE: Undefined index: bottominfo(8)D:\westweb\storage\view\compile\app_admin_view_index_bottom_php_6a44d.php (3).
[ 2017-01-09T14:59:34+08:00 ]E_NOTICE: Use of undefined constant bottominfo - assumed 'bottominfo'(8)D:\westweb\storage\view\compile\app_admin_view_index_bottom_php_6a44d.php (3).
[ 2017-01-09T14:59:34+08:00 ]E_NOTICE: Undefined variable: head(8)D:\westweb\storage\view\compile\app_admin_view_index_bottom_php_6a44d.php (3).
[ 2017-01-09T14:59:36+08:00 ]E_NOTICE: Use of undefined constant bottominfo - assumed 'bottominfo'(8)D:\westweb\storage\view\compile\app_admin_view_index_bottom_php_6a44d.php (3).
[ 2017-01-09T14:59:36+08:00 ]E_NOTICE: Undefined variable: head(8)D:\westweb\storage\view\compile\app_admin_view_index_bottom_php_6a44d.php (3).
[ 2017-01-09T15:00:06+08:00 ]E_NOTICE: Undefined variable: head(8)D:\westweb\storage\view\compile\app_admin_view_index_bottom_php_6a44d.php (3).
[ 2017-01-09T15:00:49+08:00 ]E_NOTICE: Use of undefined constant bottominfo - assumed 'bottominfo'(8)D:\westweb\storage\view\compile\app_admin_view_index_bottom_php_6a44d.php (3).
[ 2017-01-09T15:00:49+08:00 ]E_NOTICE: Undefined variable: head(8)D:\westweb\storage\view\compile\app_admin_view_index_bottom_php_6a44d.php (3).
[ 2017-01-09T15:01:00+08:00 ]E_NOTICE: Use of undefined constant bottominfo - assumed 'bottominfo'(8)D:\westweb\storage\view\compile\app_admin_view_index_bottom_php_6a44d.php (3).
[ 2017-01-09T15:01:00+08:00 ]E_NOTICE: Undefined variable: head(8)D:\westweb\storage\view\compile\app_admin_view_index_bottom_php_6a44d.php (3).
[ 2017-01-09T15:09:38+08:00 ]E_USER_ERROR: 模板不存在:app/admin/view/index/master.php(256)D:\westweb\vendor\houdunwang\view\src\build\Base.php (130).
[ 2017-01-09T15:12:10+08:00 ]E_NOTICE: Use of undefined constant bottominfo - assumed 'bottominfo'(8)D:\westweb\storage\view\compile\app_admin_view_index_index_php_d5c08.php (75).
[ 2017-01-09T15:12:37+08:00 ]E_NOTICE: Use of undefined constant bottominfo - assumed 'bottominfo'(8)D:\westweb\storage\view\compile\app_admin_view_index_index_php_d5c08.php (75).
[ 2017-01-09T15:12:54+08:00 ]E_NOTICE: Use of undefined constant bottominfo - assumed 'bottominfo'(8)D:\westweb\storage\view\compile\app_admin_view_index_index_php_d5c08.php (75).
[ 2017-01-09T15:13:03+08:00 ]E_NOTICE: Use of undefined constant bottominfo - assumed 'bottominfo'(8)D:\westweb\storage\view\compile\app_admin_view_index_index_php_d5c08.php (75).
[ 2017-01-09T15:13:05+08:00 ]E_NOTICE: Use of undefined constant bottominfo - assumed 'bottominfo'(8)D:\westweb\storage\view\compile\app_admin_view_index_index_php_d5c08.php (75).
[ 2017-01-09T15:13:23+08:00 ]E_NOTICE: Use of undefined constant bottominfo - assumed 'bottominfo'(8)D:\westweb\storage\view\compile\app_admin_view_index_index_php_d5c08.php (75).
[ 2017-01-09T15:13:24+08:00 ]E_NOTICE: Use of undefined constant bottominfo - assumed 'bottominfo'(8)D:\westweb\storage\view\compile\app_admin_view_index_index_php_d5c08.php (75).
[ 2017-01-09T15:13:37+08:00 ]E_NOTICE: Use of undefined constant bottominfo - assumed 'bottominfo'(8)D:\westweb\storage\view\compile\app_admin_view_index_index_php_d5c08.php (75).
[ 2017-01-09T15:14:15+08:00 ]E_NOTICE: Use of undefined constant bottominfo - assumed 'bottominfo'(8)D:\westweb\storage\view\compile\app_admin_view_index_index_php_d5c08.php (75).
[ 2017-01-09T15:15:12+08:00 ]E_NOTICE: Use of undefined constant bottominfo - assumed 'bottominfo'(8)D:\westweb\storage\view\compile\app_admin_view_index_index_php_d5c08.php (75).
[ 2017-01-09T15:15:33+08:00 ]E_NOTICE: Use of undefined constant bottominfo - assumed 'bottominfo'(8)D:\westweb\storage\view\compile\app_admin_view_index_index_php_d5c08.php (75).
[ 2017-01-09T15:16:13+08:00 ]E_NOTICE: Use of undefined constant weblogo - assumed 'weblogo'(8)D:\westweb\storage\view\compile\app_admin_view_index_index_php_d5c08.php (41).
[ 2017-01-09T15:16:13+08:00 ]E_NOTICE: Use of undefined constant bottominfo - assumed 'bottominfo'(8)D:\westweb\storage\view\compile\app_admin_view_index_index_php_d5c08.php (75).
[ 2017-01-09T15:19:07+08:00 ]E_NOTICE: Use of undefined constant weblogo - assumed 'weblogo'(8)D:\westweb\storage\view\compile\app_admin_view_index_index_php_d5c08.php (41).
[ 2017-01-09T15:19:07+08:00 ]E_NOTICE: Use of undefined constant bottominfo - assumed 'bottominfo'(8)D:\westweb\storage\view\compile\app_admin_view_index_index_php_d5c08.php (75).
[ 2017-01-09T15:20:00+08:00 ]E_NOTICE: Use of undefined constant weblogo - assumed 'weblogo'(8)D:\westweb\storage\view\compile\app_admin_view_index_index_php_d5c08.php (41).
[ 2017-01-09T15:20:00+08:00 ]E_NOTICE: Use of undefined constant bottominfo - assumed 'bottominfo'(8)D:\westweb\storage\view\compile\app_admin_view_index_index_php_d5c08.php (75).
[ 2017-01-09T15:20:35+08:00 ]E_NOTICE: Use of undefined constant weblogo - assumed 'weblogo'(8)D:\westweb\storage\view\compile\app_admin_view_index_index_php_d5c08.php (41).
[ 2017-01-09T15:20:35+08:00 ]E_NOTICE: Use of undefined constant bottominfo - assumed 'bottominfo'(8)D:\westweb\storage\view\compile\app_admin_view_index_index_php_d5c08.php (75).
[ 2017-01-09T15:20:48+08:00 ]E_NOTICE: Use of undefined constant weblogo - assumed 'weblogo'(8)D:\westweb\storage\view\compile\app_admin_view_index_index_php_d5c08.php (41).
[ 2017-01-09T15:20:48+08:00 ]E_NOTICE: Use of undefined constant bottominfo - assumed 'bottominfo'(8)D:\westweb\storage\view\compile\app_admin_view_index_index_php_d5c08.php (75).
[ 2017-01-09T15:31:18+08:00 ]E_NOTICE: Use of undefined constant weblogo - assumed 'weblogo'(8)D:\westweb\storage\view\compile\app_admin_view_index_index_php_d5c08.php (41).
[ 2017-01-09T15:31:18+08:00 ]E_NOTICE: Use of undefined constant bottominfo - assumed 'bottominfo'(8)D:\westweb\storage\view\compile\app_admin_view_index_index_php_d5c08.php (75).
[ 2017-01-09T15:31:19+08:00 ]E_NOTICE: Use of undefined constant weblogo - assumed 'weblogo'(8)D:\westweb\storage\view\compile\app_admin_view_index_index_php_d5c08.php (41).
[ 2017-01-09T15:31:19+08:00 ]E_NOTICE: Use of undefined constant bottominfo - assumed 'bottominfo'(8)D:\westweb\storage\view\compile\app_admin_view_index_index_php_d5c08.php (75).
[ 2017-01-09T15:31:21+08:00 ]E_NOTICE: Use of undefined constant weblogo - assumed 'weblogo'(8)D:\westweb\storage\view\compile\app_admin_view_index_index_php_d5c08.php (41).
[ 2017-01-09T15:31:21+08:00 ]E_NOTICE: Use of undefined constant bottominfo - assumed 'bottominfo'(8)D:\westweb\storage\view\compile\app_admin_view_index_index_php_d5c08.php (75).
[ 2017-01-09T15:31:43+08:00 ]E_NOTICE: Use of undefined constant weblogo - assumed 'weblogo'(8)D:\westweb\storage\view\compile\app_admin_view_index_index_php_d5c08.php (41).
[ 2017-01-09T15:31:43+08:00 ]E_NOTICE: Use of undefined constant bottominfo - assumed 'bottominfo'(8)D:\westweb\storage\view\compile\app_admin_view_index_index_php_d5c08.php (75).
[ 2017-01-09T15:31:45+08:00 ]E_NOTICE: Use of undefined constant weblogo - assumed 'weblogo'(8)D:\westweb\storage\view\compile\app_admin_view_index_index_php_d5c08.php (41).
[ 2017-01-09T15:31:45+08:00 ]E_NOTICE: Use of undefined constant bottominfo - assumed 'bottominfo'(8)D:\westweb\storage\view\compile\app_admin_view_index_index_php_d5c08.php (75).
[ 2017-01-09T15:31:46+08:00 ]E_NOTICE: Use of undefined constant weblogo - assumed 'weblogo'(8)D:\westweb\storage\view\compile\app_admin_view_index_index_php_d5c08.php (41).
[ 2017-01-09T15:31:46+08:00 ]E_NOTICE: Use of undefined constant bottominfo - assumed 'bottominfo'(8)D:\westweb\storage\view\compile\app_admin_view_index_index_php_d5c08.php (75).
[ 2017-01-09T15:32:59+08:00 ]E_NOTICE: Use of undefined constant weblogo - assumed 'weblogo'(8)D:\westweb\storage\view\compile\app_admin_view_index_index_php_d5c08.php (41).
[ 2017-01-09T15:32:59+08:00 ]E_NOTICE: Use of undefined constant bottominfo - assumed 'bottominfo'(8)D:\westweb\storage\view\compile\app_admin_view_index_index_php_d5c08.php (75).
[ 2017-01-09T15:39:58+08:00 ]E_NOTICE: Use of undefined constant weblogo - assumed 'weblogo'(8)D:\westweb\storage\view\compile\app_admin_view_index_index_php_d5c08.php (41).
[ 2017-01-09T15:39:58+08:00 ]E_NOTICE: Use of undefined constant bottominfo - assumed 'bottominfo'(8)D:\westweb\storage\view\compile\app_admin_view_index_index_php_d5c08.php (75).
[ 2017-01-09T15:54:43+08:00 ]E_NOTICE: Use of undefined constant weblogo - assumed 'weblogo'(8)D:\westweb\storage\view\compile\app_admin_view_index_index_php_d5c08.php (41).
[ 2017-01-09T15:54:43+08:00 ]E_NOTICE: Use of undefined constant bottominfo - assumed 'bottominfo'(8)D:\westweb\storage\view\compile\app_admin_view_index_index_php_d5c08.php (75).
[ 2017-01-09T15:54:51+08:00 ]EXCEPTION: CSRF 令牌验证失败
[ 2017-01-09T15:55:55+08:00 ]EXCEPTION: CSRF 令牌验证失败
[ 2017-01-09T15:56:06+08:00 ]E_NOTICE: Use of undefined constant weblogo - assumed 'weblogo'(8)D:\westweb\storage\view\compile\app_admin_view_index_index_php_d5c08.php (41).
[ 2017-01-09T15:56:06+08:00 ]E_NOTICE: Use of undefined constant bottominfo - assumed 'bottominfo'(8)D:\westweb\storage\view\compile\app_admin_view_index_index_php_d5c08.php (76).
[ 2017-01-09T15:56:12+08:00 ]E_WARNING: call_user_func_array() expects parameter 1 to be a valid callback, class 'houdunwang\controller\build\Base' does not have a method 'error'(2)D:\westweb\vendor\houdunwang\controller\src\Controller.php (35).
[ 2017-01-09T15:56:52+08:00 ]E_NOTICE: Use of undefined constant weblogo - assumed 'weblogo'(8)D:\westweb\storage\view\compile\app_admin_view_index_index_php_d5c08.php (41).
[ 2017-01-09T15:56:52+08:00 ]E_NOTICE: Use of undefined constant bottominfo - assumed 'bottominfo'(8)D:\westweb\storage\view\compile\app_admin_view_index_index_php_d5c08.php (76).
[ 2017-01-09T15:59:10+08:00 ]E_WARNING: Missing argument 1 for houdunwang\db\Query::find(), called in D:\westweb\app\admin\controller\Index.php on line 34 and defined(2)D:\westweb\vendor\houdunwang\db\src\Query.php (442).
[ 2017-01-09T16:01:47+08:00 ]E_WARNING: Missing argument 1 for houdunwang\db\Query::find(), called in D:\westweb\app\admin\controller\Index.php on line 35 and defined(2)D:\westweb\vendor\houdunwang\db\src\Query.php (442).
[ 2017-01-09T16:05:17+08:00 ]E_NOTICE: Use of undefined constant weblogo - assumed 'weblogo'(8)D:\westweb\storage\view\compile\app_admin_view_index_index_php_d5c08.php (41).
[ 2017-01-09T16:05:17+08:00 ]E_NOTICE: Use of undefined constant bottominfo - assumed 'bottominfo'(8)D:\westweb\storage\view\compile\app_admin_view_index_index_php_d5c08.php (76).
[ 2017-01-09T16:06:11+08:00 ]E_NOTICE: Use of undefined constant weblogo - assumed 'weblogo'(8)D:\westweb\storage\view\compile\app_admin_view_index_index_php_d5c08.php (41).
[ 2017-01-09T16:06:11+08:00 ]E_NOTICE: Use of undefined constant bottominfo - assumed 'bottominfo'(8)D:\westweb\storage\view\compile\app_admin_view_index_index_php_d5c08.php (76).
[ 2017-01-09T16:09:15+08:00 ]E_NOTICE: Use of undefined constant weblogo - assumed 'weblogo'(8)D:\westweb\storage\view\compile\app_admin_view_index_index_php_d5c08.php (41).
[ 2017-01-09T16:09:15+08:00 ]E_NOTICE: Use of undefined constant bottominfo - assumed 'bottominfo'(8)D:\westweb\storage\view\compile\app_admin_view_index_index_php_d5c08.php (76).
[ 2017-01-09T16:09:22+08:00 ]E_WARNING: call_user_func_array() expects parameter 1 to be a valid callback, class 'houdunwang\controller\build\Base' does not have a method 'error'(2)D:\westweb\vendor\houdunwang\controller\src\Controller.php (35).
[ 2017-01-09T16:11:42+08:00 ]E_WARNING: call_user_func_array() expects parameter 1 to be a valid callback, class 'houdunwang\controller\build\Base' does not have a method 'error'(2)D:\westweb\vendor\houdunwang\controller\src\Controller.php (35).
[ 2017-01-09T16:11:51+08:00 ]E_NOTICE: Use of undefined constant weblogo - assumed 'weblogo'(8)D:\westweb\storage\view\compile\app_admin_view_index_index_php_d5c08.php (41).
[ 2017-01-09T16:11:51+08:00 ]E_NOTICE: Use of undefined constant bottominfo - assumed 'bottominfo'(8)D:\westweb\storage\view\compile\app_admin_view_index_index_php_d5c08.php (76).
[ 2017-01-09T16:11:59+08:00 ]E_WARNING: call_user_func_array() expects parameter 1 to be a valid callback, class 'houdunwang\controller\build\Base' does not have a method 'error'(2)D:\westweb\vendor\houdunwang\controller\src\Controller.php (35).
[ 2017-01-09T16:13:13+08:00 ]E_NOTICE: Use of undefined constant weblogo - assumed 'weblogo'(8)D:\westweb\storage\view\compile\app_admin_view_index_index_php_d5c08.php (41).
[ 2017-01-09T16:13:13+08:00 ]E_NOTICE: Use of undefined constant bottominfo - assumed 'bottominfo'(8)D:\westweb\storage\view\compile\app_admin_view_index_index_php_d5c08.php (76).
[ 2017-01-09T16:13:35+08:00 ]E_NOTICE: Use of undefined constant weblogo - assumed 'weblogo'(8)D:\westweb\storage\view\compile\app_admin_view_index_index_php_d5c08.php (41).
[ 2017-01-09T16:13:35+08:00 ]E_NOTICE: Use of undefined constant bottominfo - assumed 'bottominfo'(8)D:\westweb\storage\view\compile\app_admin_view_index_index_php_d5c08.php (76).
[ 2017-01-09T16:20:01+08:00 ]E_NOTICE: Use of undefined constant weblogo - assumed 'weblogo'(8)D:\westweb\storage\view\compile\app_admin_view_index_index_php_d5c08.php (41).
[ 2017-01-09T16:20:01+08:00 ]E_NOTICE: Use of undefined constant bottominfo - assumed 'bottominfo'(8)D:\westweb\storage\view\compile\app_admin_view_index_index_php_d5c08.php (76).
[ 2017-01-09T16:20:13+08:00 ]E_NOTICE: Use of undefined constant weblogo - assumed 'weblogo'(8)D:\westweb\storage\view\compile\app_admin_view_index_index_php_d5c08.php (41).
[ 2017-01-09T16:20:13+08:00 ]E_NOTICE: Use of undefined constant bottominfo - assumed 'bottominfo'(8)D:\westweb\storage\view\compile\app_admin_view_index_index_php_d5c08.php (76).
[ 2017-01-09T16:21:42+08:00 ]E_NOTICE: Use of undefined constant weblogo - assumed 'weblogo'(8)D:\westweb\storage\view\compile\app_admin_view_index_index_php_d5c08.php (41).
[ 2017-01-09T16:21:42+08:00 ]E_NOTICE: Use of undefined constant bottominfo - assumed 'bottominfo'(8)D:\westweb\storage\view\compile\app_admin_view_index_index_php_d5c08.php (76).
[ 2017-01-09T16:21:52+08:00 ]E_NOTICE: Use of undefined constant weblogo - assumed 'weblogo'(8)D:\westweb\storage\view\compile\app_admin_view_index_index_php_d5c08.php (41).
[ 2017-01-09T16:21:52+08:00 ]E_NOTICE: Use of undefined constant bottominfo - assumed 'bottominfo'(8)D:\westweb\storage\view\compile\app_admin_view_index_index_php_d5c08.php (76).
[ 2017-01-09T16:27:00+08:00 ]E_NOTICE: Use of undefined constant weblogo - assumed 'weblogo'(8)D:\westweb\storage\view\compile\app_admin_view_index_index_php_d5c08.php (41).
[ 2017-01-09T16:27:00+08:00 ]E_NOTICE: Use of undefined constant bottominfo - assumed 'bottominfo'(8)D:\westweb\storage\view\compile\app_admin_view_index_index_php_d5c08.php (76).
[ 2017-01-09T16:27:44+08:00 ]E_NOTICE: Use of undefined constant weblogo - assumed 'weblogo'(8)D:\westweb\storage\view\compile\app_admin_view_index_index_php_d5c08.php (41).
[ 2017-01-09T16:27:44+08:00 ]E_NOTICE: Use of undefined constant bottominfo - assumed 'bottominfo'(8)D:\westweb\storage\view\compile\app_admin_view_index_index_php_d5c08.php (76).
[ 2017-01-09T16:27:52+08:00 ]E_ERROR: Call to undefined function app\admin\controller\session()(E_ERROR)D:\westweb\app\admin\controller\Index.php (59).
[ 2017-01-09T16:28:21+08:00 ]E_NOTICE: Use of undefined constant weblogo - assumed 'weblogo'(8)D:\westweb\storage\view\compile\app_admin_view_index_index_php_d5c08.php (41).
[ 2017-01-09T16:28:21+08:00 ]E_NOTICE: Use of undefined constant bottominfo - assumed 'bottominfo'(8)D:\westweb\storage\view\compile\app_admin_view_index_index_php_d5c08.php (76).
[ 2017-01-09T16:28:23+08:00 ]E_NOTICE: Use of undefined constant weblogo - assumed 'weblogo'(8)D:\westweb\storage\view\compile\app_admin_view_index_index_php_d5c08.php (41).
[ 2017-01-09T16:28:23+08:00 ]E_NOTICE: Use of undefined constant bottominfo - assumed 'bottominfo'(8)D:\westweb\storage\view\compile\app_admin_view_index_index_php_d5c08.php (76).
[ 2017-01-09T16:28:30+08:00 ]EXCEPTION: show columns from yyk_yyk_user ;BindParams:array (
)42S02;1146;Table 'west.yyk_yyk_user' doesn't exist
[ 2017-01-09T16:29:04+08:00 ]E_NOTICE: Use of undefined constant weblogo - assumed 'weblogo'(8)D:\westweb\storage\view\compile\app_admin_view_index_index_php_d5c08.php (41).
[ 2017-01-09T16:29:04+08:00 ]E_NOTICE: Use of undefined constant bottominfo - assumed 'bottominfo'(8)D:\westweb\storage\view\compile\app_admin_view_index_index_php_d5c08.php (76).
[ 2017-01-09T16:29:05+08:00 ]E_NOTICE: Use of undefined constant weblogo - assumed 'weblogo'(8)D:\westweb\storage\view\compile\app_admin_view_index_index_php_d5c08.php (41).
[ 2017-01-09T16:29:05+08:00 ]E_NOTICE: Use of undefined constant bottominfo - assumed 'bottominfo'(8)D:\westweb\storage\view\compile\app_admin_view_index_index_php_d5c08.php (76).
[ 2017-01-09T16:29:07+08:00 ]E_NOTICE: Use of undefined constant weblogo - assumed 'weblogo'(8)D:\westweb\storage\view\compile\app_admin_view_index_index_php_d5c08.php (41).
[ 2017-01-09T16:29:07+08:00 ]E_NOTICE: Use of undefined constant bottominfo - assumed 'bottominfo'(8)D:\westweb\storage\view\compile\app_admin_view_index_index_php_d5c08.php (76).
[ 2017-01-09T16:29:13+08:00 ]E_NOTICE: Undefined variable: _SESSION(8)D:\westweb\vendor\houdunwang\rbac\src\build\Base.php (198).
[ 2017-01-09T16:29:13+08:00 ]E_WARNING: call_user_func_array() expects parameter 1 to be a valid callback, class 'houdunwang\db\connection\Mysql' does not have a method 'select'(2)D:\westweb\vendor\houdunwang\db\src\Query.php (782).
[ 2017-01-09T16:32:31+08:00 ]E_NOTICE: Use of undefined constant weblogo - assumed 'weblogo'(8)D:\westweb\storage\view\compile\app_admin_view_index_index_php_d5c08.php (41).
[ 2017-01-09T16:32:31+08:00 ]E_NOTICE: Use of undefined constant bottominfo - assumed 'bottominfo'(8)D:\westweb\storage\view\compile\app_admin_view_index_index_php_d5c08.php (76).
[ 2017-01-09T16:32:33+08:00 ]E_NOTICE: Use of undefined constant weblogo - assumed 'weblogo'(8)D:\westweb\storage\view\compile\app_admin_view_index_index_php_d5c08.php (41).
[ 2017-01-09T16:32:33+08:00 ]E_NOTICE: Use of undefined constant bottominfo - assumed 'bottominfo'(8)D:\westweb\storage\view\compile\app_admin_view_index_index_php_d5c08.php (76).
[ 2017-01-09T16:32:40+08:00 ]E_NOTICE: Undefined variable: _SESSION(8)D:\westweb\vendor\houdunwang\rbac\src\build\Base.php (198).
[ 2017-01-09T16:32:40+08:00 ]E_WARNING: call_user_func_array() expects parameter 1 to be a valid callback, class 'houdunwang\db\connection\Mysql' does not have a method 'select'(2)D:\westweb\vendor\houdunwang\db\src\Query.php (782).
[ 2017-01-09T16:35:34+08:00 ]E_NOTICE: Use of undefined constant weblogo - assumed 'weblogo'(8)D:\westweb\storage\view\compile\app_admin_view_index_index_php_d5c08.php (41).
[ 2017-01-09T16:35:34+08:00 ]E_NOTICE: Use of undefined constant bottominfo - assumed 'bottominfo'(8)D:\westweb\storage\view\compile\app_admin_view_index_index_php_d5c08.php (76).
[ 2017-01-09T16:35:34+08:00 ]E_NOTICE: Use of undefined constant weblogo - assumed 'weblogo'(8)D:\westweb\storage\view\compile\app_admin_view_index_index_php_d5c08.php (41).
[ 2017-01-09T16:35:34+08:00 ]E_NOTICE: Use of undefined constant bottominfo - assumed 'bottominfo'(8)D:\westweb\storage\view\compile\app_admin_view_index_index_php_d5c08.php (76).
[ 2017-01-09T16:57:07+08:00 ]E_PARSE: syntax error, unexpected ':', expecting ',' or ';'(E_PARSE)D:\westweb\storage\view\compile\app_admin_view_main_index_php_2eec5.php (5).
[ 2017-01-09T16:57:11+08:00 ]E_PARSE: syntax error, unexpected ':', expecting ',' or ';'(E_PARSE)D:\westweb\storage\view\compile\app_admin_view_main_index_php_2eec5.php (5).
[ 2017-01-09T16:57:12+08:00 ]E_PARSE: syntax error, unexpected ':', expecting ',' or ';'(E_PARSE)D:\westweb\storage\view\compile\app_admin_view_main_index_php_2eec5.php (5).
[ 2017-01-09T16:57:13+08:00 ]E_PARSE: syntax error, unexpected ':', expecting ',' or ';'(E_PARSE)D:\westweb\storage\view\compile\app_admin_view_main_index_php_2eec5.php (5).
[ 2017-01-09T16:57:52+08:00 ]E_PARSE: syntax error, unexpected ':', expecting ',' or ';'(E_PARSE)D:\westweb\storage\view\compile\app_admin_view_main_index_php_2eec5.php (5).
[ 2017-01-09T16:58:47+08:00 ]E_WARNING: Missing argument 1 for houdunwang\db\Query::find(), called in D:\westweb\app\admin\controller\Main.php on line 18 and defined(2)D:\westweb\vendor\houdunwang\db\src\Query.php (442).
[ 2017-01-09T16:58:47+08:00 ]E_USER_ERROR: 模板不存在:app/admin/view/main/Public:bottom.php(256)D:\westweb\vendor\houdunwang\view\src\build\Base.php (130).
[ 2017-01-09T16:58:47+08:00 ]EXCEPTION: SELECT * FROM yyk_webinfo  WHERE  = ?     ;BindParams:array (
  1 => 1,
)42000;1064;You have an error in your SQL syntax; check the manual that corresponds to your MySQL server version for the right syntax to use near '= 1' at line 1
[ 2017-01-09T16:58:54+08:00 ]EXCEPTION: SELECT * FROM yyk_webinfo  WHERE  = ?     ;BindParams:array (
  1 => 1,
)42000;1064;You have an error in your SQL syntax; check the manual that corresponds to your MySQL server version for the right syntax to use near '= 1' at line 1
[ 2017-01-09T16:58:54+08:00 ]E_USER_ERROR: 模板不存在:app/admin/view/main/Public:bottom.php(256)D:\westweb\vendor\houdunwang\view\src\build\Base.php (130).
[ 2017-01-09T16:58:54+08:00 ]E_WARNING: Missing argument 1 for houdunwang\db\Query::find(), called in D:\westweb\app\admin\controller\Main.php on line 18 and defined(2)D:\westweb\vendor\houdunwang\db\src\Query.php (442).
[ 2017-01-09T16:59:21+08:00 ]E_USER_ERROR: 模板不存在:app/admin/view/main/index/bottom.php(256)D:\westweb\vendor\houdunwang\view\src\build\Base.php (130).
[ 2017-01-09T16:59:21+08:00 ]E_WARNING: Missing argument 1 for houdunwang\db\Query::find(), called in D:\westweb\app\admin\controller\Main.php on line 18 and defined(2)D:\westweb\vendor\houdunwang\db\src\Query.php (442).
[ 2017-01-09T16:59:21+08:00 ]EXCEPTION: SELECT * FROM yyk_webinfo  WHERE  = ?     ;BindParams:array (
  1 => 1,
)42000;1064;You have an error in your SQL syntax; check the manual that corresponds to your MySQL server version for the right syntax to use near '= 1' at line 1
[ 2017-01-09T16:59:34+08:00 ]E_WARNING: Missing argument 1 for houdunwang\db\Query::find(), called in D:\westweb\app\admin\controller\Main.php on line 18 and defined(2)D:\westweb\vendor\houdunwang\db\src\Query.php (442).
[ 2017-01-09T16:59:34+08:00 ]E_PARSE: syntax error, unexpected ':', expecting ',' or ';'(E_PARSE)D:\westweb\storage\view\compile\app_admin_view_main_right_php_45754.php (5).
[ 2017-01-09T16:59:34+08:00 ]EXCEPTION: SELECT * FROM yyk_webinfo  WHERE  = ?     ;BindParams:array (
  1 => 1,
)42000;1064;You have an error in your SQL syntax; check the manual that corresponds to your MySQL server version for the right syntax to use near '= 1' at line 1
[ 2017-01-09T17:01:24+08:00 ]E_WARNING: Missing argument 1 for houdunwang\db\Query::find(), called in D:\westweb\app\admin\controller\Main.php on line 18 and defined(2)D:\westweb\vendor\houdunwang\db\src\Query.php (442).
[ 2017-01-09T17:01:24+08:00 ]EXCEPTION: SELECT * FROM yyk_webinfo  WHERE  = ?     ;BindParams:array (
  1 => 1,
)42000;1064;You have an error in your SQL syntax; check the manual that corresponds to your MySQL server version for the right syntax to use near '= 1' at line 1
[ 2017-01-09T17:01:57+08:00 ]EXCEPTION: SELECT * FROM yyk_webinfo  WHERE  = ?     ;BindParams:array (
  1 => 1,
)42000;1064;You have an error in your SQL syntax; check the manual that corresponds to your MySQL server version for the right syntax to use near '= 1' at line 1
[ 2017-01-09T17:02:19+08:00 ]EXCEPTION: SELECT * FROM yyk_webinfo  WHERE  = ?     ;BindParams:array (
  1 => 1,
)42000;1064;You have an error in your SQL syntax; check the manual that corresponds to your MySQL server version for the right syntax to use near '= 1' at line 1
[ 2017-01-09T17:03:01+08:00 ]E_WARNING: Missing argument 1 for houdunwang\db\Query::find(), called in D:\westweb\app\admin\controller\Main.php on line 28 and defined(2)D:\westweb\vendor\houdunwang\db\src\Query.php (442).
[ 2017-01-09T17:03:08+08:00 ]E_PARSE: syntax error, unexpected ':', expecting ',' or ';'(E_PARSE)D:\westweb\storage\view\compile\app_admin_view_main_top_php_d4008.php (5).
[ 2017-01-09T17:03:12+08:00 ]E_PARSE: syntax error, unexpected ':', expecting ',' or ';'(E_PARSE)D:\westweb\storage\view\compile\app_admin_view_main_top_php_d4008.php (5).
[ 2017-01-09T17:05:11+08:00 ]E_NOTICE: Undefined index: weblogo(8)D:\westweb\storage\view\compile\app_admin_view_main_top_php_d4008.php (15).
[ 2017-01-09T17:06:09+08:00 ]E_NOTICE: Undefined index: weblogo(8)D:\westweb\storage\view\compile\app_admin_view_main_top_php_d4008.php (15).
[ 2017-01-09T17:06:11+08:00 ]E_NOTICE: Undefined index: weblogo(8)D:\westweb\storage\view\compile\app_admin_view_main_top_php_d4008.php (15).
[ 2017-01-09T17:06:57+08:00 ]E_NOTICE: Use of undefined constant weblogo - assumed 'weblogo'(8)D:\westweb\storage\view\compile\app_admin_view_main_top_php_d4008.php (15).
[ 2017-01-09T17:08:11+08:00 ]E_USER_ERROR: 模板不存在:app/admin/view/main/main/top.php(256)D:\westweb\vendor\houdunwang\view\src\build\Base.php (130).
[ 2017-01-09T17:08:18+08:00 ]E_NOTICE: Array to string conversion(8)D:\westweb\storage\view\compile\app_admin_view_main_top_php_d4008.php (14).
[ 2017-01-09T17:08:18+08:00 ]E_NOTICE: Use of undefined constant weblogo - assumed 'weblogo'(8)D:\westweb\storage\view\compile\app_admin_view_main_top_php_d4008.php (15).
[ 2017-01-09T17:08:24+08:00 ]E_NOTICE: Array to string conversion(8)D:\westweb\storage\view\compile\app_admin_view_main_top_php_d4008.php (14).
[ 2017-01-09T17:08:24+08:00 ]E_NOTICE: Use of undefined constant weblogo - assumed 'weblogo'(8)D:\westweb\storage\view\compile\app_admin_view_main_top_php_d4008.php (15).
[ 2017-01-09T17:08:56+08:00 ]E_NOTICE: Array to string conversion(8)D:\westweb\storage\view\compile\app_admin_view_main_top_php_d4008.php (14).
[ 2017-01-09T17:08:56+08:00 ]E_NOTICE: Use of undefined constant weblogo - assumed 'weblogo'(8)D:\westweb\storage\view\compile\app_admin_view_main_top_php_d4008.php (15).
[ 2017-01-09T17:08:56+08:00 ]E_NOTICE: Undefined offset: 0(8)D:\westweb\storage\view\compile\app_admin_view_main_top_php_d4008.php (15).
[ 2017-01-09T17:09:53+08:00 ]E_NOTICE: Use of undefined constant weblogo - assumed 'weblogo'(8)D:\westweb\storage\view\compile\app_admin_view_main_top_php_d4008.php (14).
[ 2017-01-09T17:09:56+08:00 ]E_NOTICE: Use of undefined constant weblogo - assumed 'weblogo'(8)D:\westweb\storage\view\compile\app_admin_view_main_top_php_d4008.php (14).
[ 2017-01-09T17:10:16+08:00 ]E_NOTICE: Use of undefined constant weblogo - assumed 'weblogo'(8)D:\westweb\storage\view\compile\app_admin_view_main_top_php_d4008.php (14).
[ 2017-01-09T17:10:32+08:00 ]E_NOTICE: Use of undefined constant weblogo - assumed 'weblogo'(8)D:\westweb\storage\view\compile\app_admin_view_main_top_php_d4008.php (14).
[ 2017-01-09T17:11:49+08:00 ]E_NOTICE: Use of undefined constant weblogo - assumed 'weblogo'(8)D:\westweb\storage\view\compile\app_admin_view_main_top_php_d4008.php (14).
[ 2017-01-09T17:12:30+08:00 ]E_WARNING: Missing argument 1 for houdunwang\db\Query::find(), called in D:\westweb\app\admin\controller\Main.php on line 18 and defined(2)D:\westweb\vendor\houdunwang\db\src\Query.php (442).
[ 2017-01-09T17:12:40+08:00 ]E_WARNING: Missing argument 1 for houdunwang\db\Query::find(), called in D:\westweb\app\admin\controller\Main.php on line 18 and defined(2)D:\westweb\vendor\houdunwang\db\src\Query.php (442).
[ 2017-01-09T17:13:41+08:00 ]E_WARNING: Missing argument 1 for houdunwang\db\Query::find(), called in D:\westweb\app\admin\controller\Main.php on line 17 and defined(2)D:\westweb\vendor\houdunwang\db\src\Query.php (442).
[ 2017-01-09T17:13:42+08:00 ]E_WARNING: Missing argument 1 for houdunwang\db\Query::find(), called in D:\westweb\app\admin\controller\Main.php on line 17 and defined(2)D:\westweb\vendor\houdunwang\db\src\Query.php (442).
[ 2017-01-09T17:14:18+08:00 ]E_NOTICE: Undefined variable: _SESSION(8)D:\westweb\storage\view\compile\app_admin_view_main_left_php_d2083.php (14).
[ 2017-01-09T17:14:18+08:00 ]E_NOTICE: Undefined variable: _SESSION(8)D:\westweb\storage\view\compile\app_admin_view_main_left_php_d2083.php (15).
[ 2017-01-09T17:14:27+08:00 ]E_NOTICE: Undefined variable: _SESSION(8)D:\westweb\storage\view\compile\app_admin_view_main_left_php_d2083.php (14).
[ 2017-01-09T17:14:27+08:00 ]E_NOTICE: Undefined variable: _SESSION(8)D:\westweb\storage\view\compile\app_admin_view_main_left_php_d2083.php (15).
[ 2017-01-09T17:14:45+08:00 ]E_NOTICE: Use of undefined constant weblogo - assumed 'weblogo'(8)D:\westweb\storage\view\compile\app_admin_view_main_top_php_d4008.php (14).
[ 2017-01-09T17:14:46+08:00 ]E_NOTICE: Undefined variable: _SESSION(8)D:\westweb\storage\view\compile\app_admin_view_main_left_php_d2083.php (14).
[ 2017-01-09T17:14:46+08:00 ]E_NOTICE: Undefined variable: _SESSION(8)D:\westweb\storage\view\compile\app_admin_view_main_left_php_d2083.php (15).
[ 2017-01-09T17:17:13+08:00 ]E_NOTICE: Use of undefined constant weblogo - assumed 'weblogo'(8)D:\westweb\storage\view\compile\app_admin_view_main_top_php_d4008.php (14).
[ 2017-01-09T17:17:15+08:00 ]E_ERROR: Call to undefined function session()(E_ERROR)D:\westweb\storage\view\compile\app_admin_view_main_left_php_d2083.php (14).
[ 2017-01-09T17:18:33+08:00 ]E_NOTICE: Use of undefined constant weblogo - assumed 'weblogo'(8)D:\westweb\storage\view\compile\app_admin_view_main_top_php_d4008.php (14).
[ 2017-01-09T17:18:34+08:00 ]E_NOTICE: Undefined variable: _SESSION(8)D:\westweb\storage\view\compile\app_admin_view_main_left_php_d2083.php (14).
[ 2017-01-09T17:18:34+08:00 ]E_NOTICE: Undefined variable: _SESSION(8)D:\westweb\storage\view\compile\app_admin_view_main_left_php_d2083.php (15).
[ 2017-01-09T17:19:34+08:00 ]E_NOTICE: Use of undefined constant weblogo - assumed 'weblogo'(8)D:\westweb\storage\view\compile\app_admin_view_main_top_php_d4008.php (14).
[ 2017-01-09T17:19:35+08:00 ]E_NOTICE: Undefined variable: _SESSION(8)D:\westweb\storage\view\compile\app_admin_view_main_left_php_d2083.php (14).
[ 2017-01-09T17:19:35+08:00 ]E_NOTICE: Undefined variable: _SESSION(8)D:\westweb\storage\view\compile\app_admin_view_main_left_php_d2083.php (15).
[ 2017-01-09T17:19:49+08:00 ]E_NOTICE: Use of undefined constant weblogo - assumed 'weblogo'(8)D:\westweb\storage\view\compile\app_admin_view_main_top_php_d4008.php (14).
[ 2017-01-09T17:19:50+08:00 ]E_NOTICE: Undefined variable: _SESSION(8)D:\westweb\storage\view\compile\app_admin_view_main_left_php_d2083.php (14).
[ 2017-01-09T17:19:50+08:00 ]E_NOTICE: Undefined variable: _SESSION(8)D:\westweb\storage\view\compile\app_admin_view_main_left_php_d2083.php (15).
[ 2017-01-09T17:22:30+08:00 ]E_NOTICE: Use of undefined constant weblogo - assumed 'weblogo'(8)D:\westweb\storage\view\compile\app_admin_view_main_top_php_d4008.php (14).
[ 2017-01-09T17:22:31+08:00 ]E_NOTICE: Undefined variable: _SESSION(8)D:\westweb\storage\view\compile\app_admin_view_main_left_php_d2083.php (14).
[ 2017-01-09T17:22:31+08:00 ]E_NOTICE: Undefined variable: _SESSION(8)D:\westweb\storage\view\compile\app_admin_view_main_left_php_d2083.php (15).
[ 2017-01-09T17:23:55+08:00 ]E_NOTICE: Use of undefined constant weblogo - assumed 'weblogo'(8)D:\westweb\storage\view\compile\app_admin_view_main_top_php_d4008.php (14).
[ 2017-01-09T17:24:20+08:00 ]E_NOTICE: Use of undefined constant weblogo - assumed 'weblogo'(8)D:\westweb\storage\view\compile\app_admin_view_main_top_php_d4008.php (14).
[ 2017-01-09T17:25:14+08:00 ]E_NOTICE: Use of undefined constant weblogo - assumed 'weblogo'(8)D:\westweb\storage\view\compile\app_admin_view_index_index_php_d5c08.php (41).
[ 2017-01-09T17:25:14+08:00 ]E_NOTICE: Use of undefined constant bottominfo - assumed 'bottominfo'(8)D:\westweb\storage\view\compile\app_admin_view_index_index_php_d5c08.php (76).
[ 2017-01-09T17:25:14+08:00 ]E_NOTICE: Use of undefined constant weblogo - assumed 'weblogo'(8)D:\westweb\storage\view\compile\app_admin_view_index_index_php_d5c08.php (41).
[ 2017-01-09T17:25:14+08:00 ]E_NOTICE: Use of undefined constant bottominfo - assumed 'bottominfo'(8)D:\westweb\storage\view\compile\app_admin_view_index_index_php_d5c08.php (76).
[ 2017-01-09T17:25:22+08:00 ]E_NOTICE: Use of undefined constant weblogo - assumed 'weblogo'(8)D:\westweb\storage\view\compile\app_admin_view_main_top_php_d4008.php (14).
[ 2017-01-09T17:26:24+08:00 ]E_NOTICE: Use of undefined constant weblogo - assumed 'weblogo'(8)D:\westweb\storage\view\compile\app_admin_view_main_top_php_d4008.php (14).
[ 2017-01-09T17:27:01+08:00 ]E_NOTICE: Use of undefined constant weblogo - assumed 'weblogo'(8)D:\westweb\storage\view\compile\app_admin_view_main_top_php_d4008.php (14).
[ 2017-01-09T17:27:40+08:00 ]E_NOTICE: Use of undefined constant weblogo - assumed 'weblogo'(8)D:\westweb\storage\view\compile\app_admin_view_main_top_php_d4008.php (14).
[ 2017-01-09T17:28:58+08:00 ]E_NOTICE: Use of undefined constant weblogo - assumed 'weblogo'(8)D:\westweb\storage\view\compile\app_admin_view_index_index_php_d5c08.php (41).
[ 2017-01-09T17:28:58+08:00 ]E_NOTICE: Use of undefined constant bottominfo - assumed 'bottominfo'(8)D:\westweb\storage\view\compile\app_admin_view_index_index_php_d5c08.php (76).
[ 2017-01-09T17:29:08+08:00 ]E_NOTICE: Use of undefined constant weblogo - assumed 'weblogo'(8)D:\westweb\storage\view\compile\app_admin_view_index_index_php_d5c08.php (41).
[ 2017-01-09T17:29:08+08:00 ]E_NOTICE: Use of undefined constant bottominfo - assumed 'bottominfo'(8)D:\westweb\storage\view\compile\app_admin_view_index_index_php_d5c08.php (76).
[ 2017-01-09T17:29:08+08:00 ]E_NOTICE: Use of undefined constant weblogo - assumed 'weblogo'(8)D:\westweb\storage\view\compile\app_admin_view_index_index_php_d5c08.php (41).
[ 2017-01-09T17:29:08+08:00 ]E_NOTICE: Use of undefined constant bottominfo - assumed 'bottominfo'(8)D:\westweb\storage\view\compile\app_admin_view_index_index_php_d5c08.php (76).
[ 2017-01-09T17:29:28+08:00 ]E_NOTICE: Use of undefined constant weblogo - assumed 'weblogo'(8)D:\westweb\storage\view\compile\app_admin_view_main_top_php_d4008.php (14).
[ 2017-01-09T18:52:24+08:00 ]E_WARNING: unlink(E:\phpserver\vhosts\b.app/storage/cache/c7e77b3e704b182d29e83e4681e7d9a2.php): No such file or directory(2)E:\phpserver\vhosts\b.app\vendor\houdunwang\cache\src\build\File.php (72).
[ 2017-01-09T18:53:16+08:00 ]E_WARNING: is_file(): open_basedir restriction in effect. File(../master.php) is not within the allowed path(s): (E:\phpserver\vhosts\b.app\;E:\phpserver\memcached\;E:\phpserver\phpmyadmin\;E:\phpserver\temp\;C:\WINDOWS\Temp&quot;)(2)E:\phpserver\vhosts\b.app\vendor\houdunwang\view\src\build\Base.php (125).
[ 2017-01-09T18:58:46+08:00 ]E_USER_ERROR: 模板不存在:app/admin/view/index/master.php(256)E:\phpserver\vhosts\b.app\vendor\houdunwang\view\src\build\Base.php (130).
[ 2017-01-09T18:59:06+08:00 ]E_NOTICE: Use of undefined constant weblogo - assumed 'weblogo'(8)E:\phpserver\vhosts\b.app\storage\view\compile\app_admin_view_index_index_php_d5c08.php (41).
[ 2017-01-09T18:59:06+08:00 ]E_NOTICE: Use of undefined constant bottominfo - assumed 'bottominfo'(8)E:\phpserver\vhosts\b.app\storage\view\compile\app_admin_view_index_index_php_d5c08.php (76).
[ 2017-01-09T18:59:20+08:00 ]E_NOTICE: Use of undefined constant weblogo - assumed 'weblogo'(8)E:\phpserver\vhosts\b.app\storage\view\compile\app_admin_view_main_top_php_d4008.php (14).
[ 2017-01-09T19:11:09+08:00 ]EXCEPTION: SELECT * FROM yyk_webinfo  WHERE  = ?     ;BindParams:array (
  1 => 1,
)42000;1064;You have an error in your SQL syntax; check the manual that corresponds to your MariaDB server version for the right syntax to use near '= 1' at line 1
[ 2017-01-09T19:11:37+08:00 ]E_WARNING: Missing argument 1 for houdunwang\db\Query::find(), called in E:\phpserver\vhosts\b.app\app\admin\controller\Index.php on line 17 and defined(2)E:\phpserver\vhosts\b.app\vendor\houdunwang\db\src\Query.php (442).
[ 2017-01-09T19:11:59+08:00 ]E_NOTICE: Use of undefined constant weblogo - assumed 'weblogo'(8)E:\phpserver\vhosts\b.app\storage\view\compile\app_admin_view_index_index_php_d5c08.php (41).
[ 2017-01-09T19:11:59+08:00 ]E_NOTICE: Undefined index: weblogo(8)E:\phpserver\vhosts\b.app\storage\view\compile\app_admin_view_index_index_php_d5c08.php (41).
[ 2017-01-09T19:11:59+08:00 ]E_NOTICE: Use of undefined constant bottominfo - assumed 'bottominfo'(8)E:\phpserver\vhosts\b.app\storage\view\compile\app_admin_view_index_index_php_d5c08.php (76).
[ 2017-01-09T19:11:59+08:00 ]E_NOTICE: Undefined index: bottominfo(8)E:\phpserver\vhosts\b.app\storage\view\compile\app_admin_view_index_index_php_d5c08.php (76).
[ 2017-01-09T19:13:43+08:00 ]E_NOTICE: Use of undefined constant sitetitle - assumed 'sitetitle'(8)E:\phpserver\vhosts\b.app\storage\view\compile\app_admin_view_index_index_php_d5c08.php (6).
[ 2017-01-09T19:13:43+08:00 ]E_NOTICE: Undefined index: sitetitle(8)E:\phpserver\vhosts\b.app\storage\view\compile\app_admin_view_index_index_php_d5c08.php (6).
[ 2017-01-09T19:13:43+08:00 ]E_NOTICE: Use of undefined constant weblogo - assumed 'weblogo'(8)E:\phpserver\vhosts\b.app\storage\view\compile\app_admin_view_index_index_php_d5c08.php (41).
[ 2017-01-09T19:13:43+08:00 ]E_NOTICE: Undefined index: weblogo(8)E:\phpserver\vhosts\b.app\storage\view\compile\app_admin_view_index_index_php_d5c08.php (41).
[ 2017-01-09T19:13:43+08:00 ]E_NOTICE: Use of undefined constant bottominfo - assumed 'bottominfo'(8)E:\phpserver\vhosts\b.app\storage\view\compile\app_admin_view_index_index_php_d5c08.php (76).
[ 2017-01-09T19:13:43+08:00 ]E_NOTICE: Undefined index: bottominfo(8)E:\phpserver\vhosts\b.app\storage\view\compile\app_admin_view_index_index_php_d5c08.php (76).
[ 2017-01-09T19:14:14+08:00 ]E_NOTICE: Use of undefined constant sitetitle - assumed 'sitetitle'(8)E:\phpserver\vhosts\b.app\storage\view\compile\app_admin_view_index_index_php_d5c08.php (6).
[ 2017-01-09T19:14:14+08:00 ]E_NOTICE: Undefined index: sitetitle(8)E:\phpserver\vhosts\b.app\storage\view\compile\app_admin_view_index_index_php_d5c08.php (6).
[ 2017-01-09T19:14:14+08:00 ]E_NOTICE: Use of undefined constant weblogo - assumed 'weblogo'(8)E:\phpserver\vhosts\b.app\storage\view\compile\app_admin_view_index_index_php_d5c08.php (41).
[ 2017-01-09T19:14:14+08:00 ]E_NOTICE: Undefined index: weblogo(8)E:\phpserver\vhosts\b.app\storage\view\compile\app_admin_view_index_index_php_d5c08.php (41).
[ 2017-01-09T19:14:14+08:00 ]E_NOTICE: Use of undefined constant bottominfo - assumed 'bottominfo'(8)E:\phpserver\vhosts\b.app\storage\view\compile\app_admin_view_index_index_php_d5c08.php (76).
[ 2017-01-09T19:14:14+08:00 ]E_NOTICE: Undefined index: bottominfo(8)E:\phpserver\vhosts\b.app\storage\view\compile\app_admin_view_index_index_php_d5c08.php (76).
[ 2017-01-09T19:15:25+08:00 ]E_NOTICE: Use of undefined constant sitetitle - assumed 'sitetitle'(8)E:\phpserver\vhosts\b.app\storage\view\compile\app_admin_view_index_index_php_d5c08.php (6).
[ 2017-01-09T19:15:25+08:00 ]E_NOTICE: Undefined index: sitetitle(8)E:\phpserver\vhosts\b.app\storage\view\compile\app_admin_view_index_index_php_d5c08.php (6).
[ 2017-01-09T19:15:25+08:00 ]E_NOTICE: Use of undefined constant weblogo - assumed 'weblogo'(8)E:\phpserver\vhosts\b.app\storage\view\compile\app_admin_view_index_index_php_d5c08.php (41).
[ 2017-01-09T19:15:25+08:00 ]E_NOTICE: Undefined index: weblogo(8)E:\phpserver\vhosts\b.app\storage\view\compile\app_admin_view_index_index_php_d5c08.php (41).
[ 2017-01-09T19:15:25+08:00 ]E_NOTICE: Use of undefined constant bottominfo - assumed 'bottominfo'(8)E:\phpserver\vhosts\b.app\storage\view\compile\app_admin_view_index_index_php_d5c08.php (76).
[ 2017-01-09T19:15:25+08:00 ]E_NOTICE: Undefined index: bottominfo(8)E:\phpserver\vhosts\b.app\storage\view\compile\app_admin_view_index_index_php_d5c08.php (76).
[ 2017-01-09T19:16:21+08:00 ]E_NOTICE: Use of undefined constant sitetitle - assumed 'sitetitle'(8)E:\phpserver\vhosts\b.app\storage\view\compile\app_admin_view_index_index_php_d5c08.php (6).
[ 2017-01-09T19:16:21+08:00 ]E_NOTICE: Undefined index: sitetitle(8)E:\phpserver\vhosts\b.app\storage\view\compile\app_admin_view_index_index_php_d5c08.php (6).
[ 2017-01-09T19:16:21+08:00 ]E_NOTICE: Use of undefined constant weblogo - assumed 'weblogo'(8)E:\phpserver\vhosts\b.app\storage\view\compile\app_admin_view_index_index_php_d5c08.php (41).
[ 2017-01-09T19:16:22+08:00 ]E_NOTICE: Undefined index: weblogo(8)E:\phpserver\vhosts\b.app\storage\view\compile\app_admin_view_index_index_php_d5c08.php (41).
[ 2017-01-09T19:16:22+08:00 ]E_NOTICE: Use of undefined constant bottominfo - assumed 'bottominfo'(8)E:\phpserver\vhosts\b.app\storage\view\compile\app_admin_view_index_index_php_d5c08.php (76).
[ 2017-01-09T19:16:22+08:00 ]E_NOTICE: Undefined index: bottominfo(8)E:\phpserver\vhosts\b.app\storage\view\compile\app_admin_view_index_index_php_d5c08.php (76).
[ 2017-01-09T19:16:51+08:00 ]E_NOTICE: Use of undefined constant sitetitle - assumed 'sitetitle'(8)E:\phpserver\vhosts\b.app\storage\view\compile\app_admin_view_index_index_php_d5c08.php (6).
[ 2017-01-09T19:16:51+08:00 ]E_NOTICE: Use of undefined constant weblogo - assumed 'weblogo'(8)E:\phpserver\vhosts\b.app\storage\view\compile\app_admin_view_index_index_php_d5c08.php (41).
[ 2017-01-09T19:16:51+08:00 ]E_NOTICE: Use of undefined constant bottominfo - assumed 'bottominfo'(8)E:\phpserver\vhosts\b.app\storage\view\compile\app_admin_view_index_index_php_d5c08.php (76).
[ 2017-01-09T19:17:06+08:00 ]E_WARNING: Missing argument 1 for houdunwang\db\Query::find(), called in E:\phpserver\vhosts\b.app\app\admin\controller\Index.php on line 17 and defined(2)E:\phpserver\vhosts\b.app\vendor\houdunwang\db\src\Query.php (442).
[ 2017-01-09T19:21:20+08:00 ]E_NOTICE: Use of undefined constant sitetitle - assumed 'sitetitle'(8)E:\phpserver\vhosts\b.app\storage\view\compile\app_admin_view_index_index_php_d5c08.php (6).
[ 2017-01-09T19:21:20+08:00 ]E_NOTICE: Use of undefined constant weblogo - assumed 'weblogo'(8)E:\phpserver\vhosts\b.app\storage\view\compile\app_admin_view_index_index_php_d5c08.php (41).
[ 2017-01-09T19:21:20+08:00 ]E_NOTICE: Use of undefined constant bottominfo - assumed 'bottominfo'(8)E:\phpserver\vhosts\b.app\storage\view\compile\app_admin_view_index_index_php_d5c08.php (76).
[ 2017-01-09T19:21:31+08:00 ]E_NOTICE: Use of undefined constant sitetitle - assumed 'sitetitle'(8)E:\phpserver\vhosts\b.app\storage\view\compile\app_admin_view_index_index_php_d5c08.php (6).
[ 2017-01-09T19:21:31+08:00 ]E_NOTICE: Use of undefined constant weblogo - assumed 'weblogo'(8)E:\phpserver\vhosts\b.app\storage\view\compile\app_admin_view_index_index_php_d5c08.php (41).
[ 2017-01-09T19:21:31+08:00 ]E_NOTICE: Use of undefined constant bottominfo - assumed 'bottominfo'(8)E:\phpserver\vhosts\b.app\storage\view\compile\app_admin_view_index_index_php_d5c08.php (76).
[ 2017-01-09T19:22:10+08:00 ]E_NOTICE: Use of undefined constant weblogo - assumed 'weblogo'(8)E:\phpserver\vhosts\b.app\storage\view\compile\app_admin_view_main_top_php_d4008.php (14).
[ 2017-01-09T19:28:29+08:00 ]E_NOTICE: Use of undefined constant weblogo - assumed 'weblogo'(8)E:\phpserver\vhosts\b.app\storage\view\compile\app_admin_view_main_top_php_d4008.php (14).
[ 2017-01-09T19:29:33+08:00 ]E_NOTICE: Use of undefined constant sitetitle - assumed 'sitetitle'(8)E:\phpserver\vhosts\b.app\storage\view\compile\app_admin_view_index_index_php_d5c08.php (6).
[ 2017-01-09T19:29:33+08:00 ]E_NOTICE: Use of undefined constant weblogo - assumed 'weblogo'(8)E:\phpserver\vhosts\b.app\storage\view\compile\app_admin_view_index_index_php_d5c08.php (41).
[ 2017-01-09T19:29:33+08:00 ]E_NOTICE: Use of undefined constant bottominfo - assumed 'bottominfo'(8)E:\phpserver\vhosts\b.app\storage\view\compile\app_admin_view_index_index_php_d5c08.php (76).
[ 2017-01-09T19:29:45+08:00 ]E_NOTICE: Use of undefined constant weblogo - assumed 'weblogo'(8)E:\phpserver\vhosts\b.app\storage\view\compile\app_admin_view_main_top_php_d4008.php (14).
[ 2017-01-09T19:35:02+08:00 ]E_NOTICE: Use of undefined constant weblogo - assumed 'weblogo'(8)E:\phpserver\vhosts\b.app\storage\view\compile\app_admin_view_main_top_php_d4008.php (14).
[ 2017-01-09T20:04:52+08:00 ]EXCEPTION: show columns from yyk_member_user U ;BindParams:array (
)42000;1064;You have an error in your SQL syntax; check the manual that corresponds to your MariaDB server version for the right syntax to use near 'U' at line 1
[ 2017-01-09T20:05:16+08:00 ]EXCEPTION: show columns from yyk_member_user U ;BindParams:array (
)42000;1064;You have an error in your SQL syntax; check the manual that corresponds to your MariaDB server version for the right syntax to use near 'U' at line 1
[ 2017-01-09T20:21:17+08:00 ]E_WARNING: call_user_func_array() expects parameter 1 to be a valid callback, class 'houdunwang\db\connection\Mysql' does not have a method 'select'(2)E:\phpserver\vhosts\b.app\vendor\houdunwang\db\src\Query.php (782).
[ 2017-01-09T20:21:26+08:00 ]E_ERROR: Call to a member function paginate() on array(E_ERROR)E:\phpserver\vhosts\b.app\app\admin\controller\Member.php (20).
[ 2017-01-09T20:21:42+08:00 ]E_ERROR: Call to a member function paginate() on array(E_ERROR)E:\phpserver\vhosts\b.app\app\admin\controller\Member.php (20).
[ 2017-01-09T20:21:49+08:00 ]E_ERROR: Call to a member function page() on array(E_ERROR)E:\phpserver\vhosts\b.app\app\admin\controller\Member.php (20).
[ 2017-01-09T20:24:37+08:00 ]E_ERROR: Call to a member function paginate() on array(E_ERROR)E:\phpserver\vhosts\b.app\app\admin\controller\Member.php (20).
[ 2017-01-09T20:25:06+08:00 ]E_ERROR: Call to a member function paginate() on array(E_ERROR)E:\phpserver\vhosts\b.app\app\admin\controller\Member.php (17).
[ 2017-01-09T20:25:07+08:00 ]E_ERROR: Call to a member function paginate() on array(E_ERROR)E:\phpserver\vhosts\b.app\app\admin\controller\Member.php (17).
[ 2017-01-09T20:25:25+08:00 ]E_WARNING: call_user_func_array() expects parameter 1 to be a valid callback, class 'houdunwang\db\connection\Mysql' does not have a method 'all'(2)E:\phpserver\vhosts\b.app\vendor\houdunwang\db\src\Query.php (782).
[ 2017-01-09T20:25:38+08:00 ]E_WARNING: call_user_func_array() expects parameter 1 to be a valid callback, class 'houdunwang\db\connection\Mysql' does not have a method 'select'(2)E:\phpserver\vhosts\b.app\vendor\houdunwang\db\src\Query.php (782).
[ 2017-01-09T20:25:49+08:00 ]E_WARNING: Missing argument 1 for houdunwang\db\Query::paginate(), called in E:\phpserver\vhosts\b.app\app\admin\controller\Member.php on line 17 and defined(2)E:\phpserver\vhosts\b.app\vendor\houdunwang\db\src\Query.php (244).
[ 2017-01-09T20:28:24+08:00 ]E_WARNING: call_user_func_array() expects parameter 1 to be a valid callback, class 'houdunwang\db\connection\Mysql' does not have a method 'select'(2)E:\phpserver\vhosts\b.app\vendor\houdunwang\db\src\Query.php (782).
[ 2017-01-09T20:43:01+08:00 ]E_WARNING: call_user_func_array() expects parameter 1 to be a valid callback, class 'houdunwang\controller\build\Base' does not have a method 'assign'(2)E:\phpserver\vhosts\b.app\vendor\houdunwang\controller\src\Controller.php (35).
[ 2017-01-09T20:43:04+08:00 ]E_WARNING: call_user_func_array() expects parameter 1 to be a valid callback, class 'houdunwang\controller\build\Base' does not have a method 'assign'(2)E:\phpserver\vhosts\b.app\vendor\houdunwang\controller\src\Controller.php (35).
[ 2017-01-09T20:43:33+08:00 ]E_NOTICE: Undefined variable: data(8)E:\phpserver\vhosts\b.app\app\admin\controller\Member.php (23).
[ 2017-01-09T20:43:33+08:00 ]E_NOTICE: Undefined index: from(8)E:\phpserver\vhosts\b.app\vendor\houdunwang\view\src\build\Tag.php (97).
[ 2017-01-09T20:43:33+08:00 ]E_NOTICE: Undefined index: from(8)E:\phpserver\vhosts\b.app\vendor\houdunwang\view\src\build\Tag.php (97).
[ 2017-01-09T20:43:33+08:00 ]E_NOTICE: Undefined index: value(8)E:\phpserver\vhosts\b.app\vendor\houdunwang\view\src\build\Tag.php (97).
[ 2017-01-09T20:43:34+08:00 ]E_PARSE: syntax error, unexpected ')'(E_PARSE)E:\phpserver\vhosts\b.app\storage\view\compile\app_admin_view_member_index_php_77dba.php (85).
[ 2017-01-09T20:51:01+08:00 ]E_NOTICE: Undefined variable: data(8)E:\phpserver\vhosts\b.app\app\admin\controller\Member.php (23).
[ 2017-01-09T20:51:02+08:00 ]E_NOTICE: Use of undefined constant admin - assumed 'admin'(8)E:\phpserver\vhosts\b.app\storage\view\compile\app_admin_view_member_index_php_77dba.php (5).
[ 2017-01-09T20:51:02+08:00 ]E_WARNING: Division by zero(2)E:\phpserver\vhosts\b.app\storage\view\compile\app_admin_view_member_index_php_77dba.php (5).
[ 2017-01-09T20:51:47+08:00 ]E_NOTICE: Undefined variable: data(8)E:\phpserver\vhosts\b.app\app\admin\controller\Member.php (23).
[ 2017-01-09T20:52:43+08:00 ]E_NOTICE: Undefined variable: data(8)E:\phpserver\vhosts\b.app\app\admin\controller\Member.php (23).
[ 2017-01-09T20:53:08+08:00 ]E_NOTICE: Undefined variable: data(8)E:\phpserver\vhosts\b.app\app\admin\controller\Member.php (23).
[ 2017-01-09T20:53:31+08:00 ]E_NOTICE: Undefined variable: data(8)E:\phpserver\vhosts\b.app\app\admin\controller\Member.php (23).
[ 2017-01-09T20:53:41+08:00 ]E_NOTICE: Undefined variable: data(8)E:\phpserver\vhosts\b.app\app\admin\controller\Member.php (23).
[ 2017-01-09T20:53:51+08:00 ]E_NOTICE: Undefined variable: data(8)E:\phpserver\vhosts\b.app\app\admin\controller\Member.php (23).
[ 2017-01-09T20:54:03+08:00 ]E_NOTICE: Undefined variable: data(8)E:\phpserver\vhosts\b.app\app\admin\controller\Member.php (23).
[ 2017-01-09T20:54:10+08:00 ]E_NOTICE: Undefined variable: data(8)E:\phpserver\vhosts\b.app\app\admin\controller\Member.php (23).
[ 2017-01-09T20:54:16+08:00 ]E_NOTICE: Undefined variable: data(8)E:\phpserver\vhosts\b.app\app\admin\controller\Member.php (23).
[ 2017-01-09T20:54:24+08:00 ]E_NOTICE: Undefined variable: data(8)E:\phpserver\vhosts\b.app\app\admin\controller\Member.php (23).
[ 2017-01-09T20:54:30+08:00 ]E_NOTICE: Undefined variable: data(8)E:\phpserver\vhosts\b.app\app\admin\controller\Member.php (23).
[ 2017-01-09T20:55:01+08:00 ]E_NOTICE: Undefined variable: data(8)E:\phpserver\vhosts\b.app\app\admin\controller\Member.php (23).
[ 2017-01-09T20:55:01+08:00 ]E_NOTICE: Undefined variable: page(8)E:\phpserver\vhosts\b.app\storage\view\compile\app_admin_view_member_index_php_77dba.php (118).
[ 2017-01-09T20:55:52+08:00 ]E_NOTICE: Undefined variable: data(8)E:\phpserver\vhosts\b.app\app\admin\controller\Member.php (23).
[ 2017-01-09T20:55:52+08:00 ]E_NOTICE: Undefined variable: page(8)E:\phpserver\vhosts\b.app\storage\view\compile\app_admin_view_member_index_php_77dba.php (118).
[ 2017-01-09T20:57:54+08:00 ]E_NOTICE: Undefined variable: data(8)E:\phpserver\vhosts\b.app\app\admin\controller\Member.php (23).
[ 2017-01-09T20:57:55+08:00 ]E_NOTICE: Undefined variable: page(8)E:\phpserver\vhosts\b.app\storage\view\compile\app_admin_view_member_index_php_77dba.php (136).
[ 2017-01-09T21:03:03+08:00 ]E_NOTICE: Undefined variable: page(8)E:\phpserver\vhosts\b.app\storage\view\compile\app_admin_view_member_index_php_77dba.php (138).
[ 2017-01-09T21:04:56+08:00 ]E_NOTICE: Use of undefined constant member_level - assumed 'member_level'(8)E:\phpserver\vhosts\b.app\storage\view\compile\app_admin_view_member_index_php_77dba.php (107).
[ 2017-01-09T21:04:56+08:00 ]E_NOTICE: Array to string conversion(8)E:\phpserver\vhosts\b.app\storage\view\compile\app_admin_view_member_index_php_77dba.php (107).
[ 2017-01-09T21:04:56+08:00 ]E_NOTICE: Undefined variable: page(8)E:\phpserver\vhosts\b.app\storage\view\compile\app_admin_view_member_index_php_77dba.php (138).
[ 2017-01-09T21:06:50+08:00 ]E_PARSE: syntax error, unexpected '}', expecting ',' or ';'(E_PARSE)E:\phpserver\vhosts\b.app\storage\view\compile\app_admin_view_member_index_php_77dba.php (106).
[ 2017-01-09T21:07:35+08:00 ]E_PARSE: syntax error, unexpected '}', expecting ',' or ';'(E_PARSE)E:\phpserver\vhosts\b.app\storage\view\compile\app_admin_view_member_index_php_77dba.php (106).
[ 2017-01-09T21:08:58+08:00 ]E_NOTICE: Undefined index: money_vonsumption(8)E:\phpserver\vhosts\b.app\storage\view\compile\app_admin_view_member_index_php_77dba.php (111).
[ 2017-01-09T21:08:58+08:00 ]E_NOTICE: Undefined index: money_yotal(8)E:\phpserver\vhosts\b.app\storage\view\compile\app_admin_view_member_index_php_77dba.php (112).
[ 2017-01-09T21:08:58+08:00 ]E_NOTICE: Undefined variable: page(8)E:\phpserver\vhosts\b.app\storage\view\compile\app_admin_view_member_index_php_77dba.php (138).
[ 2017-01-09T21:09:18+08:00 ]E_NOTICE: Undefined index: money_vonsumption(8)E:\phpserver\vhosts\b.app\storage\view\compile\app_admin_view_member_index_php_77dba.php (111).
[ 2017-01-09T21:09:18+08:00 ]E_NOTICE: Undefined index: money_yotal(8)E:\phpserver\vhosts\b.app\storage\view\compile\app_admin_view_member_index_php_77dba.php (112).
[ 2017-01-09T21:09:18+08:00 ]E_NOTICE: Undefined variable: page(8)E:\phpserver\vhosts\b.app\storage\view\compile\app_admin_view_member_index_php_77dba.php (138).
[ 2017-01-09T21:10:05+08:00 ]E_NOTICE: Undefined variable: page(8)E:\phpserver\vhosts\b.app\storage\view\compile\app_admin_view_member_index_php_77dba.php (138).
[ 2017-01-09T21:10:12+08:00 ]E_NOTICE: Undefined variable: page(8)E:\phpserver\vhosts\b.app\storage\view\compile\app_admin_view_member_index_php_77dba.php (138).
[ 2017-01-09T21:15:03+08:00 ]E_NOTICE: Undefined variable: page(8)E:\phpserver\vhosts\b.app\storage\view\compile\app_admin_view_member_index_php_77dba.php (138).
[ 2017-01-09T21:22:35+08:00 ]EXCEPTION: show columns from yyk_admin_level ;BindParams:array (
)42S02;1146;Table 'west.yyk_admin_level' doesn't exist
[ 2017-01-09T21:23:31+08:00 ]EXCEPTION: show columns from yyk_admin_level ;BindParams:array (
)42S02;1146;Table 'west.yyk_admin_level' doesn't exist
[ 2017-01-09T21:25:31+08:00 ]E_NOTICE: Use of undefined constant sitetitle - assumed 'sitetitle'(8)E:\phpserver\vhosts\b.app\storage\view\compile\app_admin_view_index_index_php_d5c08.php (6).
[ 2017-01-09T21:25:31+08:00 ]E_NOTICE: Use of undefined constant weblogo - assumed 'weblogo'(8)E:\phpserver\vhosts\b.app\storage\view\compile\app_admin_view_index_index_php_d5c08.php (41).
[ 2017-01-09T21:25:31+08:00 ]E_NOTICE: Use of undefined constant bottominfo - assumed 'bottominfo'(8)E:\phpserver\vhosts\b.app\storage\view\compile\app_admin_view_index_index_php_d5c08.php (76).
[ 2017-01-09T21:25:56+08:00 ]E_NOTICE: Use of undefined constant weblogo - assumed 'weblogo'(8)E:\phpserver\vhosts\b.app\storage\view\compile\app_admin_view_main_top_php_d4008.php (14).
[ 2017-01-09T21:26:01+08:00 ]E_NOTICE: Undefined variable: page(8)E:\phpserver\vhosts\b.app\storage\view\compile\app_admin_view_member_index_php_77dba.php (138).
[ 2017-01-09T21:26:44+08:00 ]E_NOTICE: Use of undefined constant weblogo - assumed 'weblogo'(8)E:\phpserver\vhosts\b.app\storage\view\compile\app_admin_view_main_top_php_d4008.php (14).
[ 2017-01-09T21:26:49+08:00 ]E_NOTICE: Undefined variable: page(8)E:\phpserver\vhosts\b.app\storage\view\compile\app_admin_view_member_index_php_77dba.php (138).
[ 2017-01-09T21:27:33+08:00 ]EXCEPTION: CSRF 令牌验证失败
[ 2017-01-09T21:31:29+08:00 ]E_NOTICE: Use of undefined constant weblogo - assumed 'weblogo'(8)E:\phpserver\vhosts\b.app\storage\view\compile\app_admin_view_main_top_php_d4008.php (14).
[ 2017-01-09T21:31:33+08:00 ]E_NOTICE: Undefined variable: page(8)E:\phpserver\vhosts\b.app\storage\view\compile\app_admin_view_member_index_php_77dba.php (138).
[ 2017-01-09T21:31:39+08:00 ]E_NOTICE: Undefined variable: page(8)E:\phpserver\vhosts\b.app\storage\view\compile\app_admin_view_member_index_php_77dba.php (138).
[ 2017-01-09T21:31:42+08:00 ]E_NOTICE: Undefined variable: page(8)E:\phpserver\vhosts\b.app\storage\view\compile\app_admin_view_member_index_php_77dba.php (138).
[ 2017-01-09T21:31:44+08:00 ]E_NOTICE: Undefined variable: page(8)E:\phpserver\vhosts\b.app\storage\view\compile\app_admin_view_member_index_php_77dba.php (138).
[ 2017-01-09T21:31:48+08:00 ]E_NOTICE: Undefined variable: page(8)E:\phpserver\vhosts\b.app\storage\view\compile\app_admin_view_member_index_php_77dba.php (138).
[ 2017-01-09T21:47:28+08:00 ]EXCEPTION: SELECT * FROM yyk_member_user  WHERE username = ?     ;BindParams:array (
  1 => NULL,
)42S22;1054;Unknown column 'username' in 'where clause'
[ 2017-01-09T21:48:29+08:00 ]E_WARNING: Missing argument 1 for houdunwang\db\Query::find(), called in E:\phpserver\vhosts\b.app\app\admin\controller\Member.php on line 172 and defined(2)E:\phpserver\vhosts\b.app\vendor\houdunwang\db\src\Query.php (442).
[ 2017-01-09T21:48:32+08:00 ]E_WARNING: Missing argument 1 for houdunwang\db\Query::find(), called in E:\phpserver\vhosts\b.app\app\admin\controller\Member.php on line 172 and defined(2)E:\phpserver\vhosts\b.app\vendor\houdunwang\db\src\Query.php (442).
[ 2017-01-09T22:26:55+08:00 ]E_NOTICE: Undefined variable: page(8)E:\phpserver\vhosts\b.app\storage\view\compile\app_admin_view_member_index_php_77dba.php (138).
[ 2017-01-09T22:29:19+08:00 ]E_NOTICE: Undefined variable: page(8)E:\phpserver\vhosts\b.app\storage\view\compile\app_admin_view_member_index_php_77dba.php (138).
[ 2017-01-09T22:29:23+08:00 ]EXCEPTION: 参数无默认值
[ 2017-01-09T22:29:46+08:00 ]E_NOTICE: Undefined offset: 0(8)E:\phpserver\vhosts\b.app\app\admin\controller\Member.php (175).
[ 2017-01-09T22:29:46+08:00 ]E_NOTICE: Undefined offset: 0(8)E:\phpserver\vhosts\b.app\app\admin\controller\Member.php (179).
[ 2017-01-09T22:29:46+08:00 ]E_NOTICE: Undefined offset: 0(8)E:\phpserver\vhosts\b.app\app\admin\controller\Member.php (179).
[ 2017-01-09T22:29:46+08:00 ]E_WARNING: array_merge(): Argument #1 is not an array(2)E:\phpserver\vhosts\b.app\app\admin\controller\Member.php (179).
[ 2017-01-09T22:30:29+08:00 ]E_NOTICE: Undefined offset: 0(8)E:\phpserver\vhosts\b.app\app\admin\controller\Member.php (175).
[ 2017-01-09T22:30:29+08:00 ]E_NOTICE: Undefined offset: 0(8)E:\phpserver\vhosts\b.app\app\admin\controller\Member.php (179).
[ 2017-01-09T22:30:29+08:00 ]E_WARNING: array_merge(): Argument #2 is not an array(2)E:\phpserver\vhosts\b.app\app\admin\controller\Member.php (179).
[ 2017-01-09T22:30:36+08:00 ]E_PARSE: syntax error, unexpected 'return' (T_RETURN)(E_PARSE)E:\phpserver\vhosts\b.app\app\admin\controller\Member.php (180).
[ 2017-01-09T22:30:40+08:00 ]E_NOTICE: Undefined offset: 0(8)E:\phpserver\vhosts\b.app\app\admin\controller\Member.php (175).
[ 2017-01-09T22:30:40+08:00 ]E_NOTICE: Undefined index: from(8)E:\phpserver\vhosts\b.app\vendor\houdunwang\view\src\build\Tag.php (57).
[ 2017-01-09T22:30:40+08:00 ]E_PARSE: syntax error, unexpected ')'(E_PARSE)E:\phpserver\vhosts\b.app\storage\view\compile\app_admin_view_member_update_php_6111b.php (71).
[ 2017-01-09T22:34:02+08:00 ]E_NOTICE: Undefined offset: 0(8)E:\phpserver\vhosts\b.app\app\admin\controller\Member.php (175).
[ 2017-01-09T22:34:02+08:00 ]E_NOTICE: Undefined index: from(8)E:\phpserver\vhosts\b.app\vendor\houdunwang\view\src\build\Tag.php (57).
[ 2017-01-09T22:34:02+08:00 ]E_PARSE: syntax error, unexpected ')'(E_PARSE)E:\phpserver\vhosts\b.app\storage\view\compile\app_admin_view_member_update_php_6111b.php (71).
[ 2017-01-09T22:34:35+08:00 ]E_NOTICE: Undefined offset: 0(8)E:\phpserver\vhosts\b.app\app\admin\controller\Member.php (175).
[ 2017-01-09T22:34:35+08:00 ]E_NOTICE: Undefined index: from(8)E:\phpserver\vhosts\b.app\vendor\houdunwang\view\src\build\Tag.php (57).
[ 2017-01-09T22:34:35+08:00 ]E_PARSE: syntax error, unexpected ')'(E_PARSE)E:\phpserver\vhosts\b.app\storage\view\compile\app_admin_view_member_update_php_6111b.php (71).
[ 2017-01-09T22:36:01+08:00 ]E_NOTICE: Undefined offset: 0(8)E:\phpserver\vhosts\b.app\app\admin\controller\Member.php (175).
[ 2017-01-09T22:36:02+08:00 ]E_NOTICE: Undefined index: user_name(8)E:\phpserver\vhosts\b.app\storage\view\compile\app_admin_view_member_update_php_6111b.php (56).
[ 2017-01-09T22:36:02+08:00 ]E_NOTICE: Undefined index: id(8)E:\phpserver\vhosts\b.app\storage\view\compile\app_admin_view_member_update_php_6111b.php (57).
[ 2017-01-09T22:36:02+08:00 ]E_NOTICE: Undefined index: member_level_id(8)E:\phpserver\vhosts\b.app\storage\view\compile\app_admin_view_member_update_php_6111b.php (88).
[ 2017-01-09T22:36:02+08:00 ]E_NOTICE: Undefined index: member_level_id(8)E:\phpserver\vhosts\b.app\storage\view\compile\app_admin_view_member_update_php_6111b.php (88).
[ 2017-01-09T22:36:02+08:00 ]E_NOTICE: Undefined index: member_level_id(8)E:\phpserver\vhosts\b.app\storage\view\compile\app_admin_view_member_update_php_6111b.php (88).
[ 2017-01-09T22:36:02+08:00 ]E_NOTICE: Undefined index: member_level_id(8)E:\phpserver\vhosts\b.app\storage\view\compile\app_admin_view_member_update_php_6111b.php (88).
[ 2017-01-09T22:36:02+08:00 ]E_NOTICE: Undefined index: member_level_id(8)E:\phpserver\vhosts\b.app\storage\view\compile\app_admin_view_member_update_php_6111b.php (88).
[ 2017-01-09T22:36:02+08:00 ]E_NOTICE: Undefined index: member_level_id(8)E:\phpserver\vhosts\b.app\storage\view\compile\app_admin_view_member_update_php_6111b.php (88).
[ 2017-01-09T22:36:02+08:00 ]E_NOTICE: Undefined index: member_level_id(8)E:\phpserver\vhosts\b.app\storage\view\compile\app_admin_view_member_update_php_6111b.php (88).
[ 2017-01-09T22:36:02+08:00 ]E_NOTICE: Undefined index: last_name(8)E:\phpserver\vhosts\b.app\storage\view\compile\app_admin_view_member_update_php_6111b.php (100).
[ 2017-01-09T22:36:02+08:00 ]E_NOTICE: Undefined index: contact_tel(8)E:\phpserver\vhosts\b.app\storage\view\compile\app_admin_view_member_update_php_6111b.php (105).
[ 2017-01-09T22:36:02+08:00 ]E_NOTICE: Undefined index: e_mail(8)E:\phpserver\vhosts\b.app\storage\view\compile\app_admin_view_member_update_php_6111b.php (109).
[ 2017-01-09T22:36:02+08:00 ]E_NOTICE: Undefined index: openqq_id(8)E:\phpserver\vhosts\b.app\storage\view\compile\app_admin_view_member_update_php_6111b.php (117).
[ 2017-01-09T22:36:02+08:00 ]E_NOTICE: Undefined index: openqq_id(8)E:\phpserver\vhosts\b.app\storage\view\compile\app_admin_view_member_update_php_6111b.php (117).
[ 2017-01-09T22:36:02+08:00 ]E_NOTICE: Undefined index: money_number(8)E:\phpserver\vhosts\b.app\storage\view\compile\app_admin_view_member_update_php_6111b.php (124).
[ 2017-01-09T22:36:02+08:00 ]E_NOTICE: Undefined index: money_consumption(8)E:\phpserver\vhosts\b.app\storage\view\compile\app_admin_view_member_update_php_6111b.php (128).
[ 2017-01-09T22:36:02+08:00 ]E_NOTICE: Undefined index: money_total(8)E:\phpserver\vhosts\b.app\storage\view\compile\app_admin_view_member_update_php_6111b.php (132).
[ 2017-01-09T22:36:02+08:00 ]E_NOTICE: Undefined index: user_to_ip(8)E:\phpserver\vhosts\b.app\storage\view\compile\app_admin_view_member_update_php_6111b.php (137).
[ 2017-01-09T22:36:02+08:00 ]E_NOTICE: Undefined index: user_to_time(8)E:\phpserver\vhosts\b.app\storage\view\compile\app_admin_view_member_update_php_6111b.php (141).
[ 2017-01-09T22:36:02+08:00 ]E_NOTICE: Undefined index: id(8)E:\phpserver\vhosts\b.app\storage\view\compile\app_admin_view_member_update_php_6111b.php (143).
[ 2017-01-09T22:36:27+08:00 ]E_NOTICE: Undefined offset: 0(8)E:\phpserver\vhosts\b.app\app\admin\controller\Member.php (175).
[ 2017-01-09T22:36:39+08:00 ]EXCEPTION: 参数无默认值
[ 2017-01-09T22:37:08+08:00 ]E_NOTICE: Undefined offset: 0(8)E:\phpserver\vhosts\b.app\app\admin\controller\Member.php (175).
[ 2017-01-09T22:37:35+08:00 ]E_WARNING: array_merge(): Argument #2 is not an array(2)E:\phpserver\vhosts\b.app\app\admin\controller\Member.php (179).
[ 2017-01-09T22:37:55+08:00 ]E_PARSE: syntax error, unexpected 'print_r' (T_STRING)(E_PARSE)E:\phpserver\vhosts\b.app\app\admin\controller\Member.php (180).
[ 2017-01-09T22:42:23+08:00 ]E_NOTICE: Undefined variable: page(8)E:\phpserver\vhosts\b.app\storage\view\compile\app_admin_view_member_index_php_77dba.php (138).
[ 2017-01-09T22:42:26+08:00 ]E_NOTICE: Undefined offset: 0(8)E:\phpserver\vhosts\b.app\app\admin\controller\Member.php (175).
[ 2017-01-09T22:45:27+08:00 ]E_NOTICE: Undefined index: ALL(8)E:\phpserver\vhosts\b.app\vendor\houdunwang\request\src\build\Base.php (104).
[ 2017-01-09T22:45:27+08:00 ]E_RECOVERABLE_ERROR: Argument 1 passed to houdunwang\arr\build\Base::get() must be of the type array, null given(4096)E:\phpserver\vhosts\b.app\vendor\houdunwang\arr\src\build\Base.php (253).
[ 2017-01-09T22:47:24+08:00 ]E_RECOVERABLE_ERROR: Argument 1 passed to houdunwang\db\Query::get() must be of the type array, string given, called in E:\phpserver\vhosts\b.app\app\admin\controller\Member.php on line 171 and defined(4096)E:\phpserver\vhosts\b.app\vendor\houdunwang\db\src\Query.php (483).
[ 2017-01-09T22:50:50+08:00 ]E_NOTICE: Undefined index: user_name(8)E:\phpserver\vhosts\b.app\app\admin\controller\Member.php (171).
[ 2017-01-09T22:51:10+08:00 ]E_NOTICE: Undefined index: user_name(8)E:\phpserver\vhosts\b.app\app\admin\controller\Member.php (171).
[ 2017-01-09T22:51:19+08:00 ]E_NOTICE: Undefined index: user_name(8)E:\phpserver\vhosts\b.app\app\admin\controller\Member.php (171).
[ 2017-01-09T22:51:27+08:00 ]E_NOTICE: Undefined index: user_name(8)E:\phpserver\vhosts\b.app\app\admin\controller\Member.php (171).
[ 2017-01-09T22:53:47+08:00 ]E_NOTICE: Undefined variable: page(8)E:\phpserver\vhosts\b.app\storage\view\compile\app_admin_view_member_index_php_77dba.php (138).
[ 2017-01-09T22:54:00+08:00 ]E_NOTICE: Undefined variable: page(8)E:\phpserver\vhosts\b.app\storage\view\compile\app_admin_view_member_index_php_77dba.php (138).
[ 2017-01-09T22:55:19+08:00 ]E_NOTICE: Undefined offset: 0(8)E:\phpserver\vhosts\b.app\app\admin\controller\Member.php (175).
[ 2017-01-09T22:55:19+08:00 ]E_WARNING: array_merge(): Argument #1 is not an array(2)E:\phpserver\vhosts\b.app\app\admin\controller\Member.php (179).
[ 2017-01-09T22:55:24+08:00 ]E_NOTICE: Undefined offset: 0(8)E:\phpserver\vhosts\b.app\app\admin\controller\Member.php (175).
[ 2017-01-09T22:55:24+08:00 ]E_WARNING: array_merge(): Argument #1 is not an array(2)E:\phpserver\vhosts\b.app\app\admin\controller\Member.php (179).
